INFO 2026-03-20 23:37:13,126 middleware 742883 129084091642176 GET /api/schema/ - 200 - 0.334s - RequestID: d48353b3-8bb8-4d6b-902d-81e0eb959507
INFO 2026-03-20 23:37:13,200 middleware 742883 129084091642176 GET /api/schema/ - 200 - 0.069s - RequestID: f2cce2e6-de86-437b-908b-0b3a45db8e4c
INFO 2026-03-20 23:37:13,272 middleware 742883 129084091642176 GET /api/schema/ - 200 - 0.068s - RequestID: 0d86409b-381e-4d1b-88ad-254684ab2e76
INFO 2026-03-20 23:37:13,345 middleware 742883 129084091642176 GET /api/schema/ - 200 - 0.070s - RequestID: e7515116-89b4-4bfe-8b7b-d0641abeee14
INFO 2026-03-20 23:37:13,415 middleware 742883 129084091642176 GET /api/schema/ - 200 - 0.067s - RequestID: df5db1df-42cb-43de-a21b-73dbbe946c3d
INFO 2026-03-20 23:37:13,485 middleware 742883 129084091642176 GET /api/schema/ - 200 - 0.066s - RequestID: 4a3054c7-f1b3-4991-a38c-5d61ec42a561
INFO 2026-03-20 23:37:13,555 middleware 742883 129084091642176 GET /api/schema/ - 200 - 0.067s - RequestID: ec6831cf-f440-4a32-8887-b81309fd64d4
INFO 2026-03-20 23:37:13,625 middleware 742883 129084091642176 GET /api/schema/ - 200 - 0.067s - RequestID: dcd5c4cc-d606-4b28-9ab7-da236bbffeea
INFO 2026-03-20 23:37:13,695 middleware 742883 129084091642176 GET /api/schema/ - 200 - 0.066s - RequestID: cbf4775e-59c2-42a5-b3d4-6848fc4a835c
INFO 2026-03-20 23:37:13,837 middleware 742883 129084091642176 GET /api/schema/ - 200 - 0.139s - RequestID: be5d13cb-afb7-4b3e-a058-3f0f8b2a1e77
INFO 2026-03-20 23:37:13,907 middleware 742883 129084091642176 GET /api/schema/ - 200 - 0.065s - RequestID: 119773dd-7e4b-4583-84bb-5a41bbb71921
INFO 2026-03-20 23:37:13,929 middleware 742883 129084091642176 GET /api/redoc/ - 200 - 0.005s - RequestID: cfb9fa17-116e-4144-8dbe-7b42adc941c5
INFO 2026-03-20 23:37:13,933 middleware 742883 129084091642176 GET /api/redoc/ - 200 - 0.001s - RequestID: a392a91e-3108-44ac-b25e-2fec1766696b
INFO 2026-03-20 23:37:13,952 middleware 742883 129084091642176 GET /api/docs/ - 200 - 0.002s - RequestID: 0731e775-f437-405a-bc5d-6e1f5971b3df
INFO 2026-03-20 23:37:13,957 middleware 742883 129084091642176 GET /api/docs/ - 200 - 0.002s - RequestID: 94af496f-34dc-41dd-ae3d-7d390a4ad9d6
INFO 2026-03-20 23:37:14,039 middleware 742883 129084091642176 GET /api/v1/courses/intro-to-ai/ - 200 - 0.015s - RequestID: d7336e42-c0ab-4910-80b2-11277f8c71cb
INFO 2026-03-20 23:37:14,052 middleware 742883 129084091642176 GET /api/v1/courses/intro-to-ai/ - 404 - 0.003s - RequestID: 83018b3f-89f5-48a9-9c5c-005e114f8dd0
WARNING 2026-03-20 23:37:14,052 log 742883 129084091642176 Not Found: /api/v1/courses/intro-to-ai/
INFO 2026-03-20 23:37:14,067 middleware 742883 129084091642176 GET /api/v1/courses/ - 200 - 0.010s - RequestID: ff7ac778-7498-4735-a641-6ccadd79e8c4
INFO 2026-03-20 23:37:14,081 middleware 742883 129084091642176 GET /api/v1/courses/ - 200 - 0.010s - RequestID: 6ecf40cb-f4bf-418f-8167-a501d900be88
INFO 2026-03-20 23:37:14,127 middleware 742883 129084091642176 GET /api/v1/courses/course-0/ - 200 - 0.013s - RequestID: d16510f2-36b0-4c8e-b09b-ccd6b5d1fbbe
INFO 2026-03-20 23:37:14,135 middleware 742883 129084091642176 GET /api/v1/courses/course-1/ - 200 - 0.008s - RequestID: a4dad16b-3bf7-494f-8a91-457786697143
INFO 2026-03-20 23:37:14,152 middleware 742883 129084091642176 GET /api/v1/courses/ - 200 - 0.012s - RequestID: 292172db-3934-4970-8720-675a12a721b5
INFO 2026-03-20 23:37:14,162 middleware 742883 129084091642176 GET /api/v1/courses/ - 200 - 0.009s - RequestID: 2338b49d-e746-47f6-9272-60e994fbdaa2
INFO 2026-03-20 23:37:14,207 middleware 742883 129084091642176 GET /api/v1/courses/ - 200 - 0.016s - RequestID: 3dc984b1-f43c-4b5a-ad64-562968607921
INFO 2026-03-20 23:37:14,209 middleware 742883 129084091642176 GET /api/v1/courses/ - 200 - 0.001s - RequestID: cd3bfbb3-6e9d-4ecc-9958-e5c08a797cca
INFO 2026-03-20 23:37:14,221 middleware 742883 129084091642176 GET /api/v1/courses/ - 200 - 0.007s - RequestID: 1e1e2708-a77b-49ad-bdd8-d6595e045569
INFO 2026-03-20 23:37:14,307 middleware 742883 129084091642176 GET /api/v1/courses/ - 200 - 0.018s - RequestID: 37ee230d-26e4-4402-9de4-c708671a6e8e
INFO 2026-03-20 23:37:14,309 middleware 742883 129084091642176 GET /api/v1/courses/ - 200 - 0.001s - RequestID: a75306c3-c50d-4869-9c07-546ff434dc63
INFO 2026-03-20 23:37:14,370 middleware 742883 129084091642176 GET /api/v1/courses/ - 200 - 0.019s - RequestID: 876c652d-1fa9-4e8c-864d-0f12a53fffb2
INFO 2026-03-20 23:37:14,385 middleware 742883 129084091642176 GET /api/v1/courses/ - 200 - 0.009s - RequestID: 2a637ef0-f8cb-4f16-a6c4-6ef1e32df112
INFO 2026-03-20 23:37:14,420 middleware 742883 129084091642176 GET /api/v1/categories/ - 200 - 0.011s - RequestID: 7777a696-0c79-40ac-bc79-d5403ffbcf8b
INFO 2026-03-20 23:37:14,421 middleware 742883 129084091642176 GET /api/v1/categories/ - 200 - 0.001s - RequestID: 2b0eb2de-8b71-4c21-94c4-f53b9678bf8e
INFO 2026-03-20 23:37:14,471 middleware 742883 129084091642176 GET /api/v1/courses/intro-to-ai/cohorts/ - 200 - 0.019s - RequestID: 72cd8f72-4433-45c5-a0c7-d8fe13497180
INFO 2026-03-20 23:37:14,472 middleware 742883 129084091642176 GET /api/v1/courses/intro-to-ai/cohorts/ - 200 - 0.001s - RequestID: a1aa2be2-7f2f-4b60-95d3-6e85b05e728f
INFO 2026-03-20 23:37:14,516 middleware 742883 129084091642176 GET /api/v1/courses/intro-to-ai/ - 200 - 0.015s - RequestID: 0d2e5b75-1181-4367-811f-cf7133927713
INFO 2026-03-20 23:37:14,528 middleware 742883 129084091642176 GET /api/v1/courses/intro-to-ai/ - 200 - 0.009s - RequestID: 0ecaac98-86a1-4a2e-9bab-2cfc62ececbe
INFO 2026-03-20 23:37:14,540 middleware 742883 129084091642176 GET /api/v1/courses/intro-to-ai/ - 200 - 0.007s - RequestID: 30c2b2f3-bf0b-4897-92f3-8c7aef73b2fd
INFO 2026-03-20 23:37:14,542 middleware 742883 129084091642176 GET /api/v1/courses/intro-to-ai/ - 200 - 0.001s - RequestID: 028ae1c7-db29-40eb-8b78-5591d7bb1f31
INFO 2026-03-20 23:37:14,596 middleware 742883 129084091642176 GET /api/v1/courses/ - 200 - 0.017s - RequestID: 12bac9f9-85cf-4f07-aabc-bbfd023194c9
INFO 2026-03-20 23:37:14,607 middleware 742883 129084091642176 GET /api/v1/courses/ - 200 - 0.009s - RequestID: a2c0a9dd-2916-411c-a2a4-1dca0ffa05e1
INFO 2026-03-20 23:37:14,622 middleware 742883 129084091642176 GET /api/v1/courses/ - 200 - 0.009s - RequestID: a5a9da56-7e38-4c4b-b4b3-f541e765f1d5
INFO 2026-03-20 23:37:14,636 middleware 742883 129084091642176 GET /api/v1/courses/ - 200 - 0.008s - RequestID: 3e99b039-ea4c-48d2-88f3-5cecfa9227e4
INFO 2026-03-20 23:37:14,638 middleware 742883 129084091642176 GET /api/v1/courses/ - 200 - 0.002s - RequestID: 3a843edf-4dde-44ce-bdc7-07f9f94698a7
INFO 2026-03-20 23:37:14,678 middleware 742883 129084091642176 GET /api/v1/categories/data-science/ - 200 - 0.007s - RequestID: e650d22c-8fa2-477b-8532-b9281e64a0d7
INFO 2026-03-20 23:37:14,686 middleware 742883 129084091642176 GET /api/v1/categories/ai-fundamentals/ - 200 - 0.003s - RequestID: 3beab925-ebb1-41ce-89c4-2d1dffee7f58
INFO 2026-03-20 23:37:14,695 middleware 742883 129084091642176 GET /api/v1/categories/machine-learning/ - 200 - 0.006s - RequestID: ebcf1b7f-8677-4d1d-a233-302f5bb9337a
INFO 2026-03-20 23:37:14,700 middleware 742883 129084091642176 GET /api/v1/categories/ai-fundamentals/ - 200 - 0.003s - RequestID: ce7d9669-e356-483e-8408-1690939d5d63
INFO 2026-03-20 23:37:14,706 middleware 742883 129084091642176 GET /api/v1/categories/nonexistent/ - 404 - 0.002s - RequestID: e0823377-92ae-491a-a522-d5d84bf906eb
WARNING 2026-03-20 23:37:14,706 log 742883 129084091642176 Not Found: /api/v1/categories/nonexistent/
INFO 2026-03-20 23:37:14,744 middleware 742883 129084091642176 GET /api/v1/categories/ai-fundamentals/ - 200 - 0.007s - RequestID: d2c6d24b-9a45-4b03-8044-bd954d2db719
INFO 2026-03-20 23:37:14,752 middleware 742883 129084091642176 GET /api/v1/categories/ai-fundamentals/ - 200 - 0.003s - RequestID: 8306a8fd-cf10-4ccb-b02a-ce6074ce353c
INFO 2026-03-20 23:37:14,796 middleware 742883 129084091642176 GET /api/v1/categories/ - 200 - 0.010s - RequestID: 87005818-ce97-45a5-be6c-846280b82d6f
INFO 2026-03-20 23:37:14,801 middleware 742883 129084091642176 GET /api/v1/categories/ - 200 - 0.001s - RequestID: af345709-c807-4394-9a3e-c8ef7bac4e0e
INFO 2026-03-20 23:37:14,806 middleware 742883 129084091642176 GET /api/v1/categories/ - 200 - 0.001s - RequestID: f49b8520-9d5b-4e79-94cd-79b11994af88
INFO 2026-03-20 23:37:14,856 middleware 742883 129084091642176 GET /api/v1/cohorts/8d887146-df64-498c-ae8a-f6907ad3b2b8/ - 200 - 0.013s - RequestID: e58f2b02-592f-4363-b9db-283ed7e50226
INFO 2026-03-20 23:37:14,867 middleware 742883 129084091642176 GET /api/v1/cohorts/00000000-0000-0000-0000-000000000000/ - 404 - 0.005s - RequestID: 8ea4809c-9d1b-4912-90f5-f50dbb77d36c
WARNING 2026-03-20 23:37:14,868 log 742883 129084091642176 Not Found: /api/v1/cohorts/00000000-0000-0000-0000-000000000000/
INFO 2026-03-20 23:37:14,916 middleware 742883 129084091642176 GET /api/v1/cohorts/cc71aafb-3388-4cce-86f5-10246d2744b7/ - 200 - 0.013s - RequestID: 500fa4f2-287e-4615-812f-6439851f66b5
INFO 2026-03-20 23:37:14,928 middleware 742883 129084091642176 GET /api/v1/cohorts/cc71aafb-3388-4cce-86f5-10246d2744b7/ - 200 - 0.006s - RequestID: 954e6100-3de6-4cdf-9534-b46762a9caab
INFO 2026-03-20 23:37:14,983 middleware 742883 129084091642176 GET /api/v1/cohorts/ - 200 - 0.017s - RequestID: 63d5f9f9-265c-47f3-a056-0b9db8ab0af3
INFO 2026-03-20 23:37:14,997 middleware 742883 129084091642176 GET /api/v1/cohorts/ - 200 - 0.009s - RequestID: 63c2e8bb-3f5f-4f11-ab2b-14fb6decc54c
INFO 2026-03-20 23:37:15,009 middleware 742883 129084091642176 GET /api/v1/cohorts/ - 200 - 0.008s - RequestID: a3b44ee3-3e11-48ab-8866-7c4f78aff038
INFO 2026-03-20 23:37:15,022 middleware 742883 129084091642176 GET /api/v1/cohorts/ - 200 - 0.008s - RequestID: c234a46f-99d6-47c6-8e89-37d4981a9fd8
INFO 2026-03-20 23:37:15,071 middleware 742883 129084091642176 GET /api/v1/cohorts/ - 200 - 0.015s - RequestID: 1e169080-48b4-487e-bdf3-ccab9f7b5362
INFO 2026-03-20 23:37:15,085 middleware 742883 129084091642176 GET /api/v1/cohorts/ - 200 - 0.008s - RequestID: 772369a0-d7c3-4881-b1c3-2ca91c03dddc
INFO 2026-03-20 23:37:15,099 middleware 742883 129084091642176 GET /api/v1/cohorts/ - 200 - 0.009s - RequestID: ef089c0f-57b5-474c-b31d-8da178b82c62
INFO 2026-03-20 23:37:15,151 middleware 742883 129084091642176 GET /api/v1/cohorts/ - 200 - 0.016s - RequestID: c6ad23ea-a1a8-4b80-97b4-6a2a1b3237b6
INFO 2026-03-20 23:37:15,167 middleware 742883 129084091642176 GET /api/v1/cohorts/ - 200 - 0.008s - RequestID: 02878cc4-fe2f-4183-939f-777676a9da82
INFO 2026-03-20 23:37:15,181 middleware 742883 129084091642176 GET /api/v1/cohorts/ - 200 - 0.008s - RequestID: 673a085f-6422-4222-82a0-afb99be99c87
INFO 2026-03-20 23:37:15,234 middleware 742883 129084091642176 GET /api/v1/cohorts/ - 200 - 0.015s - RequestID: f82392ed-7c2b-4cf5-ba91-02185b3fa6ba
INFO 2026-03-20 23:37:15,247 middleware 742883 129084091642176 GET /api/v1/cohorts/ - 200 - 0.008s - RequestID: 9e3830b0-a39c-4843-995c-b5efd0d33238
INFO 2026-03-20 23:37:15,301 middleware 742883 129084091642176 GET /api/v1/courses/ - 200 - 0.017s - RequestID: d97b6390-ac58-4ccb-a15c-85493d6818dd
INFO 2026-03-20 23:37:15,334 middleware 742883 129084091642176 GET /api/v1/courses/ - 200 - 0.027s - RequestID: b9d468bc-4984-4b10-b6c2-79e4098bd954
INFO 2026-03-20 23:37:15,361 middleware 742883 129084091642176 GET /api/v1/courses/ - 200 - 0.021s - RequestID: 61bfafc8-f272-4cf2-924a-33770c6a293e
INFO 2026-03-20 23:37:15,371 middleware 742883 129084091642176 GET /api/v1/courses/ - 200 - 0.005s - RequestID: 3ad884d6-70f6-4256-99cb-207ca0f758bf
INFO 2026-03-20 23:37:15,424 middleware 742883 129084091642176 GET /api/v1/courses/intro-to-ai/ - 200 - 0.013s - RequestID: 96572218-0133-458b-9039-9f82e12c1db3
INFO 2026-03-20 23:37:15,430 middleware 742883 129084091642176 GET /api/v1/courses/intro-to-ai/ - 200 - 0.001s - RequestID: 31fb9934-65df-43db-954b-b2b8e622fd92
INFO 2026-03-20 23:37:15,436 middleware 742883 129084091642176 GET /api/v1/courses/nonexistent/ - 404 - 0.003s - RequestID: c080683c-762b-4fa7-979d-898b7aef8244
WARNING 2026-03-20 23:37:15,436 log 742883 129084091642176 Not Found: /api/v1/courses/nonexistent/
INFO 2026-03-20 23:37:15,443 middleware 742883 129084091642176 GET /api/v1/courses/draft-course/ - 404 - 0.004s - RequestID: ff17bc46-0e54-415d-9ddc-f51fd76eb7c3
WARNING 2026-03-20 23:37:15,443 log 742883 129084091642176 Not Found: /api/v1/courses/draft-course/
INFO 2026-03-20 23:37:15,497 middleware 742883 129084091642176 GET /api/v1/courses/ - 200 - 0.018s - RequestID: e6909f37-dabf-4fa5-bf50-ff518bc5bd2c
INFO 2026-03-20 23:37:15,515 middleware 742883 129084091642176 GET /api/v1/courses/ - 200 - 0.013s - RequestID: cd615f3f-54a8-419e-afe6-b7bee73f9389
INFO 2026-03-20 23:37:15,528 middleware 742883 129084091642176 GET /api/v1/courses/ - 200 - 0.010s - RequestID: 9614295b-966a-40c2-a094-73c5b2f7eae6
INFO 2026-03-20 23:37:15,542 middleware 742883 129084091642176 GET /api/v1/courses/ - 200 - 0.009s - RequestID: e51a87b8-a719-49db-b836-66e10e87b626
INFO 2026-03-20 23:37:15,555 middleware 742883 129084091642176 GET /api/v1/courses/ - 200 - 0.009s - RequestID: daae6ead-e45d-4a16-9019-925d94838ea8
INFO 2026-03-20 23:37:15,567 middleware 742883 129084091642176 GET /api/v1/courses/ - 200 - 0.009s - RequestID: 7c1044b2-1d61-4856-8b06-01ac445251ff
INFO 2026-03-20 23:37:15,572 middleware 742883 129084091642176 GET /api/v1/courses/ - 400 - 0.002s - RequestID: b07a78ec-6382-4839-bf37-4e9a52e4c1cd
WARNING 2026-03-20 23:37:15,572 log 742883 129084091642176 Bad Request: /api/v1/courses/
INFO 2026-03-20 23:37:15,628 middleware 742883 129084091642176 GET /api/v1/courses/ - 200 - 0.019s - RequestID: 900d7e0f-2ab7-43ac-bc67-05c61f66f1ef
INFO 2026-03-20 23:37:15,634 middleware 742883 129084091642176 GET /api/v1/courses/ - 200 - 0.001s - RequestID: 159695cf-6466-49c2-9c33-b50dec0dd772
INFO 2026-03-20 23:37:15,638 middleware 742883 129084091642176 GET /api/v1/courses/ - 200 - 0.001s - RequestID: 76be0a7a-8562-4e52-be9c-0b9d8eb1c6db
INFO 2026-03-20 23:37:15,691 middleware 742883 129084091642176 GET /api/v1/courses/ - 200 - 0.018s - RequestID: 7843a84b-61e6-4f66-be81-90312912776b
INFO 2026-03-20 23:37:15,707 middleware 742883 129084091642176 GET /api/v1/courses/ - 200 - 0.010s - RequestID: 926aaa64-c468-4808-a115-d51b7fe6b085
INFO 2026-03-20 23:37:15,719 middleware 742883 129084091642176 GET /api/v1/courses/ - 200 - 0.008s - RequestID: 9541a217-cf16-4fbd-a513-0c167f4c44ce
INFO 2026-03-20 23:37:15,734 middleware 742883 129084091642176 GET /api/v1/courses/ - 200 - 0.011s - RequestID: 27d44912-0107-40a6-810f-bf85dd1dd439
INFO 2026-03-20 23:37:15,749 middleware 742883 129084091642176 GET /api/v1/courses/ - 200 - 0.010s - RequestID: bd086a8c-858f-40e0-97b8-84fec28b4d2f
INFO 2026-03-20 23:37:15,763 middleware 742883 129084091642176 GET /api/v1/courses/ - 200 - 0.011s - RequestID: 38c0d8fa-6390-4b77-a8fd-9099e902c685
INFO 2026-03-20 23:37:15,818 middleware 742883 129084091642176 GET /api/v1/courses/ - 200 - 0.016s - RequestID: fd187e58-ec22-41fa-83b7-1ba3421630ec
INFO 2026-03-20 23:37:15,832 middleware 742883 129084091642176 GET /api/v1/courses/ - 200 - 0.010s - RequestID: 9045a3d4-4d34-4f38-8009-eced6e892959
INFO 2026-03-20 23:37:15,847 middleware 742883 129084091642176 GET /api/v1/courses/ - 200 - 0.012s - RequestID: 5587f882-64f1-4286-b4d0-386b9dd9cb18
INFO 2026-03-20 23:37:15,862 middleware 742883 129084091642176 GET /api/v1/courses/ - 200 - 0.011s - RequestID: 93e7a4f8-56b8-4ba8-8909-bddb59d47906
INFO 2026-03-20 23:37:15,871 middleware 742883 129084091642176 GET /api/v1/courses/ - 200 - 0.008s - RequestID: d414fed9-43bd-4efe-a6a4-436b1acee4b7
INFO 2026-03-20 23:37:15,879 middleware 742883 129084091642176 GET /api/v1/courses/ - 200 - 0.005s - RequestID: ee80c358-b7d0-46fa-bbfd-93d00b31cf5b
INFO 2026-03-20 23:37:15,891 middleware 742883 129084091642176 GET /api/v1/courses/ - 200 - 0.009s - RequestID: cefa61b5-e8d7-401e-8da7-d31385ccdc2c
INFO 2026-03-20 23:37:15,929 middleware 742883 129084091642176 POST /api/v1/enrollments/c509dd14-cd46-40ce-a8d7-62947f922099/cancel/ - 400 - 0.005s - RequestID: 23618680-135d-4396-91e4-edb736bcb83a
WARNING 2026-03-20 23:37:15,929 log 742883 129084091642176 Bad Request: /api/v1/enrollments/c509dd14-cd46-40ce-a8d7-62947f922099/cancel/
INFO 2026-03-20 23:37:15,950 middleware 742883 129084091642176 POST /api/v1/enrollments/ec9d6ba7-6676-4a33-9130-b411f039dc17/cancel/ - 200 - 0.007s - RequestID: e8df4b85-3e88-447a-b843-ef858c8db841
INFO 2026-03-20 23:37:15,969 middleware 742883 129084091642176 POST /api/v1/enrollments/519b93ff-0f2e-4602-9aac-54d45f89592c/cancel/ - 200 - 0.006s - RequestID: ba86879e-6ff0-413a-bd04-9e81c6038112
INFO 2026-03-20 23:37:15,988 middleware 742883 129084091642176 POST /api/v1/enrollments/ - 400 - 0.007s - RequestID: 1f579dbb-071d-4c0b-b6ed-973181d613c8
WARNING 2026-03-20 23:37:15,988 log 742883 129084091642176 Bad Request: /api/v1/enrollments/
INFO 2026-03-20 23:37:16,004 middleware 742883 129084091642176 POST /api/v1/enrollments/ - 400 - 0.006s - RequestID: a35bcee5-522c-44f7-8ea4-348f45bf0172
WARNING 2026-03-20 23:37:16,004 log 742883 129084091642176 Bad Request: /api/v1/enrollments/
INFO 2026-03-20 23:37:16,021 middleware 742883 129084091642176 POST /api/v1/enrollments/ - 401 - 0.001s - RequestID: fbf0b678-b01b-4208-b085-9d566ef86f0e
WARNING 2026-03-20 23:37:16,022 log 742883 129084091642176 Unauthorized: /api/v1/enrollments/
INFO 2026-03-20 23:37:16,043 middleware 742883 129084091642176 POST /api/v1/enrollments/ - 201 - 0.011s - RequestID: 37a2b776-831b-46eb-92de-543bb81377ba
INFO 2026-03-20 23:37:16,063 middleware 742883 129084091642176 POST /api/v1/enrollments/ - 201 - 0.012s - RequestID: fff98bf4-6166-4f5c-b413-f4458a9c481d
INFO 2026-03-20 23:37:16,087 middleware 742883 129084091642176 GET /api/v1/enrollments/ - 200 - 0.011s - RequestID: a6fb3274-a94e-41b1-81c5-6bb736ca6b8a
INFO 2026-03-20 23:37:16,147 middleware 742883 129084091642176 POST /api/v1/courses/intro-to-ai/thumbnail/ - 201 - 0.017s - RequestID: bb1853e4-7058-49bb-8ef3-fb5f07cf6cbd
INFO 2026-03-20 23:37:16,186 middleware 742883 129084091642176 POST /api/v1/courses/intro-to-ai/thumbnail/ - 400 - 0.003s - RequestID: 10447321-3e3d-4b9e-9770-28b79c89a752
WARNING 2026-03-20 23:37:16,187 log 742883 129084091642176 Bad Request: /api/v1/courses/intro-to-ai/thumbnail/
INFO 2026-03-20 23:37:16,468 middleware 742883 129084091642176 POST /api/v1/courses/intro-to-ai/thumbnail/ - 400 - 0.017s - RequestID: ad0a1634-4b84-4b58-bafd-34599fa389c6
WARNING 2026-03-20 23:37:16,468 log 742883 129084091642176 Bad Request: /api/v1/courses/intro-to-ai/thumbnail/
INFO 2026-03-20 23:37:16,479 middleware 742883 129084091642176 POST /api/v1/courses/nonexistent-course/thumbnail/ - 404 - 0.002s - RequestID: 7e5f1c9f-2496-494f-ab53-6aba23bf223d
WARNING 2026-03-20 23:37:16,479 log 742883 129084091642176 Not Found: /api/v1/courses/nonexistent-course/thumbnail/
INFO 2026-03-20 23:37:16,486 middleware 742883 129084091642176 POST /api/v1/courses/intro-to-ai/thumbnail/ - 400 - 0.003s - RequestID: c2c110d4-d074-420d-b33e-67fd5dff1d7b
WARNING 2026-03-20 23:37:16,486 log 742883 129084091642176 Bad Request: /api/v1/courses/intro-to-ai/thumbnail/
INFO 2026-03-20 23:37:16,506 middleware 742883 129084091642176 POST /api/v1/courses/intro-to-ai/thumbnail/ - 201 - 0.011s - RequestID: a2b0b137-2a9c-4e38-9897-e1abb32c387c
INFO 2026-03-20 23:37:16,535 middleware 742883 129084091642176 POST /api/v1/courses/intro-to-ai/thumbnail/ - 201 - 0.014s - RequestID: 18e79831-2856-42d0-bde2-5e05c27b0c33
INFO 2026-03-20 23:37:16,604 middleware 742883 129084091642176 POST /api/v1/courses/intro-to-ai/thumbnail/ - 201 - 0.014s - RequestID: 320580f3-c84a-411d-bd07-0c3110bc23cc
INFO 2026-03-20 23:37:16,618 middleware 742883 129084091642176 POST /api/v1/courses/intro-to-ai/thumbnail/ - 401 - 0.001s - RequestID: 65a20e9e-b8ad-49d1-bff7-9f9b280799d7
WARNING 2026-03-20 23:37:16,618 log 742883 129084091642176 Unauthorized: /api/v1/courses/intro-to-ai/thumbnail/
INFO 2026-03-20 23:37:16,741 middleware 742883 129084091642176 POST /api/v1/courses/intro-to-ai/thumbnail/ - 201 - 0.082s - RequestID: bc37a0a0-eba0-436f-9b18-889b1b722eb0
INFO 2026-03-20 23:37:17,065 middleware 742883 129084091642176 POST /api/v1/courses/intro-to-ai/thumbnail/ - 201 - 0.258s - RequestID: acb53ec7-3561-4234-827d-0c3b24fc5f75
INFO 2026-03-20 23:37:17,089 middleware 742883 129084091642176 POST /api/v1/courses/intro-to-ai/thumbnail/ - 201 - 0.011s - RequestID: d10c13f8-1ad3-43cb-ac38-939d31630e32
INFO 2026-03-20 23:37:17,124 middleware 742883 129084091642176 POST /api/v1/courses/intro-to-ai/thumbnail/ - 400 - 0.006s - RequestID: b1812fa9-f3a7-4039-9ef8-34a76d5f5181
WARNING 2026-03-20 23:37:17,125 log 742883 129084091642176 Bad Request: /api/v1/courses/intro-to-ai/thumbnail/
INFO 2026-03-20 23:37:17,132 middleware 742883 129084091642176 POST /api/v1/courses/intro-to-ai/thumbnail/ - 400 - 0.003s - RequestID: 2bbfc8c4-7d9c-4f6d-84cd-bc477564a275
WARNING 2026-03-20 23:37:17,133 log 742883 129084091642176 Bad Request: /api/v1/courses/intro-to-ai/thumbnail/
INFO 2026-03-20 23:37:17,150 middleware 742883 129084091642176 POST /api/v1/courses/intro-to-ai/thumbnail/ - 201 - 0.012s - RequestID: 62d6a333-cf35-4a36-95a5-d1d2c501b5a4
INFO 2026-03-20 23:37:17,160 middleware 742883 129084091642176 POST /api/v1/courses/intro-to-ai/thumbnail/ - 400 - 0.003s - RequestID: b19bbec3-928f-4088-b3d0-63a8858a4f1f
WARNING 2026-03-20 23:37:17,160 log 742883 129084091642176 Bad Request: /api/v1/courses/intro-to-ai/thumbnail/
INFO 2026-03-20 23:37:17,167 middleware 742883 129084091642176 POST /api/v1/courses/intro-to-ai/thumbnail/ - 400 - 0.003s - RequestID: 7ddee543-0669-4d4c-98d5-fd025b6d8c1b
WARNING 2026-03-20 23:37:17,167 log 742883 129084091642176 Bad Request: /api/v1/courses/intro-to-ai/thumbnail/
INFO 2026-03-20 23:37:17,216 middleware 742883 129084091642176 POST /api/v1/courses/intro-to-ai/thumbnail/ - 201 - 0.014s - RequestID: 549023e0-75f5-4f43-ae93-7b4bf73316fa
INFO 2026-03-20 23:37:17,229 middleware 742883 129084091642176 POST /api/v1/courses/intro-to-ai/thumbnail/ - 201 - 0.013s - RequestID: 15aaabe9-4ad0-45df-8b1d-a6f131ec40a0
INFO 2026-03-20 23:37:17,246 middleware 742883 129084091642176 POST /api/v1/courses/intro-to-ai/thumbnail/ - 201 - 0.011s - RequestID: 2192fba5-c8f2-4fa9-881e-bfba1cb1c5da
INFO 2026-03-20 23:37:17,375 middleware 742883 129084091642176 POST /api/v1/users/me/avatar/ - 201 - 0.082s - RequestID: 9787fc8a-6efc-4d84-a520-441f2824e60b
INFO 2026-03-20 23:37:17,388 middleware 742883 129084091642176 POST /api/v1/users/me/avatar/ - 401 - 0.001s - RequestID: c1beb99d-b13c-4fa0-9191-6d0721fed078
WARNING 2026-03-20 23:37:17,388 log 742883 129084091642176 Unauthorized: /api/v1/users/me/avatar/
INFO 2026-03-20 23:37:17,398 middleware 742883 129084091642176 POST /api/v1/users/me/avatar/ - 201 - 0.005s - RequestID: f5de020d-50e0-4186-9083-e7e5878daf98
INFO 2026-03-20 23:37:17,407 middleware 742883 129084091642176 POST /api/v1/users/me/avatar/ - 201 - 0.005s - RequestID: fa6ccb00-c832-4cbc-958b-c69ff809bd7d
INFO 2026-03-20 23:37:17,429 middleware 742883 129084091642176 GET /api/v1/enrollments/ - 401 - 0.001s - RequestID: b9d7038d-b85b-4663-b39a-fa8f6a905170
WARNING 2026-03-20 23:37:17,429 log 742883 129084091642176 Unauthorized: /api/v1/enrollments/
INFO 2026-03-20 23:37:17,464 middleware 742883 129084091642176 POST /api/v1/auth/token/ - 200 - 0.034s - RequestID: 00e61181-5d32-4bc6-bab4-3208414983d6
INFO 2026-03-20 23:37:17,471 middleware 742883 129084091642176 GET /api/v1/enrollments/ - 200 - 0.007s - RequestID: 279d6a7b-170c-4f11-a357-249d629ad9a5
INFO 2026-03-20 23:37:17,480 middleware 742883 129084091642176 POST /api/v1/auth/token/ - 401 - 0.002s - RequestID: 9802af1e-d56d-4e59-b0c1-983e4290927e
WARNING 2026-03-20 23:37:17,480 log 742883 129084091642176 Unauthorized: /api/v1/auth/token/
INFO 2026-03-20 23:37:17,488 middleware 742883 129084091642176 POST /api/v1/auth/token/ - 200 - 0.004s - RequestID: 582bcf35-4037-49b8-9e47-a89df38daa15
INFO 2026-03-20 23:37:17,498 middleware 742883 129084091642176 POST /api/v1/auth/token/ - 200 - 0.005s - RequestID: f8c63840-0c6a-4dca-a3c5-fa4390e5ded1
INFO 2026-03-20 23:37:17,507 middleware 742883 129084091642176 POST /api/v1/auth/token/ - 200 - 0.005s - RequestID: 975a3952-b3fb-4d02-b2fa-625e8065e701
INFO 2026-03-20 23:37:17,525 middleware 742883 129084091642176 POST /api/v1/auth/token/refresh/ - 200 - 0.017s - RequestID: 22abb831-c388-451b-a827-d515776321b2
INFO 2026-03-20 23:37:17,534 middleware 742883 129084091642176 POST /api/v1/auth/token/ - 200 - 0.005s - RequestID: 32bdebff-0489-47dd-9253-33f4afa50075
INFO 2026-03-20 23:37:17,536 middleware 742883 129084091642176 POST /api/v1/auth/token/verify/ - 200 - 0.002s - RequestID: fcb67730-a039-4181-be17-d624326c07f7
INFO 2026-03-20 23:37:17,600 middleware 742883 129084091642176 GET /api/v1/cohorts/ - 200 - 0.018s - RequestID: 85defce5-6586-4b05-b534-b404287d0c70
INFO 2026-03-20 23:37:17,635 middleware 742883 129084091642176 GET /api/v1/courses/course-0/cohorts/ - 200 - 0.011s - RequestID: ab38749d-56b3-4662-a3e1-90109bdad604
INFO 2026-03-20 23:37:17,663 middleware 742883 129084091642176 GET /api/v1/courses/course-0/ - 200 - 0.008s - RequestID: b08a7402-4ee8-488b-9661-9592bd699028
INFO 2026-03-20 23:37:17,696 middleware 742883 129084091642176 GET /api/v1/courses/ - 200 - 0.012s - RequestID: 23423ee4-71cc-4076-b011-fafbd014046f
INFO 2026-03-20 23:37:17,877 middleware 742883 129084091642176 GET /api/v1/courses/ - 200 - 0.017s - RequestID: d9015d23-c059-4b3f-b578-6c0d114541f6
INFO 2026-03-20 23:37:17,924 middleware 742883 129084091642176 GET /api/v1/courses/intro-to-ai/cohorts/ - 200 - 0.020s - RequestID: 14ff14c5-2caf-4c94-be2f-e3ed459aabeb
INFO 2026-03-20 23:37:17,951 middleware 742883 129084091642176 GET /api/v1/courses/ - 200 - 0.001s - RequestID: 00aedb66-99b7-4b64-8449-97bef9ac970f
INFO 2026-03-20 23:37:17,971 middleware 742883 129084091642176 GET /api/v1/courses/ - 200 - 0.016s - RequestID: acc6a5b2-5818-4cdb-8b75-f704f9cee9ca
INFO 2026-03-20 23:37:18,000 middleware 742883 129084091642176 POST /api/v1/enrollments/ - 400 - 0.003s - RequestID: 7ac66f0a-766e-4f87-bae6-bc6f7def940c
WARNING 2026-03-20 23:37:18,000 log 742883 129084091642176 Bad Request: /api/v1/enrollments/
INFO 2026-03-20 23:37:18,003 middleware 742883 129084091642176 GET /api/v1/enrollments/ - 401 - 0.001s - RequestID: b3e533c3-2fa9-4b7a-b27e-ad2989b95a8c
WARNING 2026-03-20 23:37:18,003 log 742883 129084091642176 Unauthorized: /api/v1/enrollments/
INFO 2026-03-20 23:37:18,013 middleware 742883 129084091642176 GET /api/v1/courses/non-existent-course/ - 404 - 0.007s - RequestID: c945373a-2c58-4113-b340-d45383545b5f
WARNING 2026-03-20 23:37:18,013 log 742883 129084091642176 Not Found: /api/v1/courses/non-existent-course/
INFO 2026-03-20 23:37:18,022 middleware 742883 129084091642176 POST /api/v1/enrollments/ - 400 - 0.006s - RequestID: 16df4108-8125-4c17-b008-6fcc138710ca
WARNING 2026-03-20 23:37:18,023 log 742883 129084091642176 Bad Request: /api/v1/enrollments/
INFO 2026-03-20 23:37:18,033 middleware 742883 129084091642176 POST /api/v1/enrollments/ - 400 - 0.005s - RequestID: b5b73107-cfb3-4c7f-86b4-9381ffddfa1d
WARNING 2026-03-20 23:37:18,033 log 742883 129084091642176 Bad Request: /api/v1/enrollments/
INFO 2026-03-20 23:37:18,106 middleware 742883 129084091642176 GET /api/v1/courses/ - 200 - 0.019s - RequestID: 34cc7b74-fc01-4394-9658-4dda720089b3
INFO 2026-03-20 23:37:18,124 middleware 742883 129084091642176 GET /api/v1/courses/ - 200 - 0.012s - RequestID: 344499cb-1392-4b16-a6ed-3a4a200d5d3b
INFO 2026-03-20 23:37:18,165 middleware 742883 129084091642176 GET /api/v1/courses/ - 200 - 0.016s - RequestID: 431e66c8-a3eb-42b8-9944-dd51e0277afb
INFO 2026-03-20 23:37:18,175 middleware 742883 129084091642176 GET /api/v1/courses/ - 200 - 0.008s - RequestID: 3b473f48-9f62-4775-9225-c98961b23d59
INFO 2026-03-20 23:37:18,210 middleware 742883 129084091642176 GET /api/v1/categories/ - 200 - 0.010s - RequestID: 1c5d1402-1e67-415f-8089-33bfc605281a
INFO 2026-03-20 23:37:18,229 middleware 742883 129084091642176 GET /api/v1/cohorts/ - 200 - 0.013s - RequestID: 231089c7-1e34-4b85-b410-d1f64a770c78
INFO 2026-03-20 23:37:18,244 middleware 742883 129084091642176 GET /api/v1/courses/intro-to-ai/ - 200 - 0.010s - RequestID: f6b9ef1f-6949-4e17-8531-19cb90fad250
INFO 2026-03-20 23:37:18,255 middleware 742883 129084091642176 GET /api/v1/courses/ - 200 - 0.009s - RequestID: 7b755f5f-0902-483e-a684-3f90b3306a0f
INFO 2026-03-20 23:37:18,294 middleware 742883 129084091642176 GET /api/v1/courses/ - 200 - 0.015s - RequestID: 59bc2887-7d5f-4ddc-9258-529e2c7e2077
INFO 2026-03-20 23:37:18,389 middleware 742883 129084091642176 POST /api/v1/auth/register/ - 201 - 0.065s - RequestID: 5a6c4f0b-db0d-4aba-acf2-04ce65a0b790
INFO 2026-03-20 23:37:18,400 middleware 742883 129084091642176 POST /api/v1/auth/register/ - 201 - 0.010s - RequestID: 5d6ed2b9-43ef-451e-9d4b-292ae6c9f9df
INFO 2026-03-20 23:37:18,409 middleware 742883 129084091642176 POST /api/v1/auth/register/ - 201 - 0.008s - RequestID: cab54a50-5cdb-4dcd-a282-63b6e7bf8e93
INFO 2026-03-20 23:37:18,411 middleware 742883 129084091642176 POST /api/v1/auth/register/ - 429 - 0.001s - RequestID: c46079c3-971e-4f62-8e8d-172ec5e3e1ff
WARNING 2026-03-20 23:37:18,411 log 742883 129084091642176 Too Many Requests: /api/v1/auth/register/
INFO 2026-03-20 23:37:18,435 middleware 742883 129084091642176 POST /api/v1/enrollments/ - 201 - 0.014s - RequestID: da44c218-bcc1-4a56-a9e1-0f07b7da1ef0
INFO 2026-03-20 23:37:18,443 middleware 742883 129084091642176 POST /api/v1/enrollments/ - 400 - 0.007s - RequestID: 78bada0a-028b-4d3e-8e6b-3874fb0eb4aa
WARNING 2026-03-20 23:37:18,443 log 742883 129084091642176 Bad Request: /api/v1/enrollments/
INFO 2026-03-20 23:37:18,450 middleware 742883 129084091642176 POST /api/v1/enrollments/ - 400 - 0.006s - RequestID: 1db89037-2631-46af-b25a-ad82db744443
WARNING 2026-03-20 23:37:18,450 log 742883 129084091642176 Bad Request: /api/v1/enrollments/
INFO 2026-03-20 23:37:18,457 middleware 742883 129084091642176 POST /api/v1/enrollments/ - 400 - 0.006s - RequestID: fcea1b30-7008-492b-bb47-e5bfa567b3cc
WARNING 2026-03-20 23:37:18,457 log 742883 129084091642176 Bad Request: /api/v1/enrollments/
INFO 2026-03-20 23:37:18,465 middleware 742883 129084091642176 POST /api/v1/enrollments/ - 400 - 0.007s - RequestID: eee0a0c1-2fea-4374-a748-adffd7636dd9
WARNING 2026-03-20 23:37:18,465 log 742883 129084091642176 Bad Request: /api/v1/enrollments/
INFO 2026-03-20 23:37:18,473 middleware 742883 129084091642176 POST /api/v1/enrollments/ - 400 - 0.007s - RequestID: 74a31bd4-ef50-4987-9b5c-a344d1f30762
WARNING 2026-03-20 23:37:18,473 log 742883 129084091642176 Bad Request: /api/v1/enrollments/
INFO 2026-03-20 23:37:18,481 middleware 742883 129084091642176 POST /api/v1/enrollments/ - 400 - 0.007s - RequestID: 32dabee6-5cf4-4c7c-bd46-f422ac1e4da1
WARNING 2026-03-20 23:37:18,481 log 742883 129084091642176 Bad Request: /api/v1/enrollments/
INFO 2026-03-20 23:37:18,489 middleware 742883 129084091642176 POST /api/v1/enrollments/ - 400 - 0.007s - RequestID: 51daee61-0893-4b06-aee6-9e37e99c289a
WARNING 2026-03-20 23:37:18,489 log 742883 129084091642176 Bad Request: /api/v1/enrollments/
INFO 2026-03-20 23:37:18,496 middleware 742883 129084091642176 POST /api/v1/enrollments/ - 400 - 0.007s - RequestID: af6eab92-1921-479b-8dc0-3b8857d41d6d
WARNING 2026-03-20 23:37:18,497 log 742883 129084091642176 Bad Request: /api/v1/enrollments/
INFO 2026-03-20 23:37:18,503 middleware 742883 129084091642176 POST /api/v1/enrollments/ - 400 - 0.006s - RequestID: f3c800f1-107f-4c9a-9dcc-610ff760d928
WARNING 2026-03-20 23:37:18,504 log 742883 129084091642176 Bad Request: /api/v1/enrollments/
INFO 2026-03-20 23:37:18,506 middleware 742883 129084091642176 POST /api/v1/enrollments/ - 429 - 0.002s - RequestID: d9561326-000a-45c7-a686-d7801aecc51a
WARNING 2026-03-20 23:37:18,507 log 742883 129084091642176 Too Many Requests: /api/v1/enrollments/
INFO 2026-03-20 23:37:18,528 middleware 742883 129084091642176 POST /api/v1/enrollments/ - 201 - 0.011s - RequestID: 5152c4f0-9682-482c-9ee8-1a565605f8e0
INFO 2026-03-20 23:37:18,534 middleware 742883 129084091642176 POST /api/v1/enrollments/ - 400 - 0.005s - RequestID: 138e7038-500d-4b39-827b-84c431f1eb11
WARNING 2026-03-20 23:37:18,535 log 742883 129084091642176 Bad Request: /api/v1/enrollments/
INFO 2026-03-20 23:37:18,541 middleware 742883 129084091642176 POST /api/v1/enrollments/ - 400 - 0.006s - RequestID: 9ed736f7-b7f4-4e61-861f-a5c065dcd9ea
WARNING 2026-03-20 23:37:18,542 log 742883 129084091642176 Bad Request: /api/v1/enrollments/
INFO 2026-03-20 23:37:18,548 middleware 742883 129084091642176 POST /api/v1/enrollments/ - 400 - 0.006s - RequestID: 3a631b0e-78f6-4380-9805-d86865420e16
WARNING 2026-03-20 23:37:18,549 log 742883 129084091642176 Bad Request: /api/v1/enrollments/
INFO 2026-03-20 23:37:18,555 middleware 742883 129084091642176 POST /api/v1/enrollments/ - 400 - 0.006s - RequestID: 4667e7aa-49b6-4f87-b422-238c33a4fc05
WARNING 2026-03-20 23:37:18,556 log 742883 129084091642176 Bad Request: /api/v1/enrollments/
INFO 2026-03-20 23:37:18,557 middleware 742883 129084091642176 POST /api/v1/enrollments/ - 429 - 0.001s - RequestID: 3c42508d-2a91-4404-b675-636788549fc5
WARNING 2026-03-20 23:37:18,558 log 742883 129084091642176 Too Many Requests: /api/v1/enrollments/
INFO 2026-03-20 23:37:18,581 middleware 742883 129084091642176 GET /api/v1/courses/ - 200 - 0.013s - RequestID: 09cd1e03-c84e-4196-aada-c82397ab4c62
INFO 2026-03-20 23:37:18,582 middleware 742883 129084091642176 GET /api/v1/courses/ - 200 - 0.001s - RequestID: 9dbccb01-78fe-46fd-9b85-6154b0a208f7
INFO 2026-03-20 23:37:18,600 middleware 742883 129084091642176 POST /api/v1/auth/register/ - 201 - 0.008s - RequestID: 0dcf1602-9230-4fea-b85c-340114c5fc52
INFO 2026-03-20 23:37:18,608 middleware 742883 129084091642176 POST /api/v1/auth/register/ - 201 - 0.007s - RequestID: dbcc5d9d-510f-4efe-a20d-ba045673f142
INFO 2026-03-20 23:37:18,616 middleware 742883 129084091642176 POST /api/v1/auth/register/ - 201 - 0.007s - RequestID: c7b4113b-0624-4b2f-a745-7fffb818e3b8
INFO 2026-03-20 23:37:18,618 middleware 742883 129084091642176 POST /api/v1/auth/register/ - 429 - 0.001s - RequestID: 6a62c368-001e-48a2-888f-50f6f8bcbf4e
WARNING 2026-03-20 23:37:18,618 log 742883 129084091642176 Too Many Requests: /api/v1/auth/register/
INFO 2026-03-20 23:37:18,641 middleware 742883 129084091642176 GET /api/v1/users/me/ - 200 - 0.002s - RequestID: 771b31d9-3024-4fab-9251-cbee18a549bc
INFO 2026-03-20 23:37:18,672 middleware 742883 129084091642176 POST /api/v1/auth/register/ - 201 - 0.013s - RequestID: 986ff82c-6da2-45cc-b2a6-15e5ac8fac96
INFO 2026-03-20 23:37:18,685 middleware 742883 129084091642176 POST /api/v1/auth/register/ - 201 - 0.009s - RequestID: 9e7c0de5-827b-498c-8141-320244e536cd
INFO 2026-03-20 23:37:18,695 middleware 742883 129084091642176 PATCH /api/v1/users/me/ - 200 - 0.005s - RequestID: fc360d87-7b6d-4f17-a7bf-cf3c0629c4a0
INFO 2026-03-20 23:37:18,719 middleware 742883 129084091642176 POST /api/v1/auth/password-reset/confirm/ - 400 - 0.002s - RequestID: 771b67f8-3ce4-42ae-8bbd-b8da693eb233
WARNING 2026-03-20 23:37:18,719 log 742883 129084091642176 Bad Request: /api/v1/auth/password-reset/confirm/
INFO 2026-03-20 23:37:18,724 middleware 742883 129084091642176 POST /api/v1/auth/password-reset/confirm/ - 400 - 0.002s - RequestID: c278b829-6317-4116-b55a-4ef4053573b8
WARNING 2026-03-20 23:37:18,724 log 742883 129084091642176 Bad Request: /api/v1/auth/password-reset/confirm/
INFO 2026-03-20 23:37:18,729 middleware 742883 129084091642176 POST /api/v1/auth/password-reset/ - 400 - 0.001s - RequestID: 2e15b192-79d8-43ac-9ff6-59833917935f
WARNING 2026-03-20 23:37:18,729 log 742883 129084091642176 Bad Request: /api/v1/auth/password-reset/
INFO 2026-03-20 23:37:18,737 middleware 742883 129084091642176 POST /api/v1/auth/password-reset/ - 200 - 0.006s - RequestID: bfa82a6f-a542-4c3e-82b0-1f638210d35c
INFO 2026-03-20 23:37:18,744 middleware 742883 129084091642176 POST /api/v1/auth/password-reset/ - 200 - 0.004s - RequestID: ba82d382-b419-4b62-b122-7aa22aa72fd1
INFO 2026-03-20 23:37:18,749 middleware 742883 129084091642176 POST /api/v1/auth/password-reset/confirm/ - 400 - 0.001s - RequestID: 44c722cc-1273-4555-840b-7c32acb51bcd
WARNING 2026-03-20 23:37:18,749 log 742883 129084091642176 Bad Request: /api/v1/auth/password-reset/confirm/
INFO 2026-03-20 23:37:18,773 middleware 742883 129084091642176 POST /api/v1/auth/password-reset/ - 200 - 0.008s - RequestID: cb12d01a-ae0e-492e-9014-01130ab84324
INFO 2026-03-20 23:37:18,778 middleware 742883 129084091642176 POST /api/v1/auth/password-reset/ - 200 - 0.004s - RequestID: e89d163f-4792-4bdd-94a9-26c075b70e06
INFO 2026-03-20 23:37:18,782 middleware 742883 129084091642176 POST /api/v1/auth/password-reset/ - 200 - 0.003s - RequestID: 655ef98c-826b-4d87-83a7-e65dda61fb3f
INFO 2026-03-20 23:37:18,785 middleware 742883 129084091642176 POST /api/v1/auth/password-reset/ - 200 - 0.003s - RequestID: ac22275d-e7e8-457d-8e32-851657a0c0fa
INFO 2026-03-20 23:37:18,788 middleware 742883 129084091642176 POST /api/v1/auth/password-reset/ - 200 - 0.003s - RequestID: 04222f34-b217-4592-ad24-98c592b3a092
INFO 2026-03-20 23:37:18,801 middleware 742883 129084091642176 POST /api/v1/auth/register/ - 201 - 0.010s - RequestID: b9b71d33-702c-484e-846e-127479b9cc4f
INFO 2026-03-20 23:37:18,809 middleware 742883 129084091642176 POST /api/v1/auth/register/ - 201 - 0.007s - RequestID: 7cd98ed9-b4aa-4bb5-bfd2-1fc38f7f0b5c
INFO 2026-03-20 23:37:18,817 middleware 742883 129084091642176 POST /api/v1/auth/register/ - 201 - 0.007s - RequestID: 81f014a2-ec5d-43d8-a6a3-87b45c59984c
INFO 2026-03-20 23:37:18,825 middleware 742883 129084091642176 POST /api/v1/auth/register/ - 201 - 0.008s - RequestID: 4db91a8f-56b3-472d-9b17-6e70d7eca5ee
INFO 2026-03-20 23:37:18,833 middleware 742883 129084091642176 POST /api/v1/auth/register/ - 201 - 0.007s - RequestID: ee2892a2-7b41-45f9-b215-56a33aa11ddb
INFO 2026-03-20 23:37:18,856 middleware 742883 129084091642176 GET /api/v1/users/me/ - 200 - 0.003s - RequestID: ad2a46fc-394e-49c0-b72e-525dbee01ac0
INFO 2026-03-20 23:37:18,868 middleware 742883 129084091642176 GET /api/v1/users/me/ - 401 - 0.001s - RequestID: c7e3852a-4fcc-498a-b595-bc014c339f63
WARNING 2026-03-20 23:37:18,868 log 742883 129084091642176 Unauthorized: /api/v1/users/me/
INFO 2026-03-20 23:37:18,873 middleware 742883 129084091642176 GET /api/v1/users/me/ - 200 - 0.002s - RequestID: 836b35f9-e452-4fc9-9463-f211b0454d5c
INFO 2026-03-20 23:37:18,881 middleware 742883 129084091642176 PATCH /api/v1/users/me/ - 200 - 0.005s - RequestID: 452b95c3-4507-4c6c-8516-5bdc3b788c1d
INFO 2026-03-20 23:37:18,889 middleware 742883 129084091642176 PATCH /api/v1/users/me/ - 200 - 0.003s - RequestID: 800b4e30-2fa8-4be1-b524-808cd8125468
INFO 2026-03-20 23:37:18,919 middleware 742883 129084091642176 POST /api/v1/auth/register/ - 400 - 0.008s - RequestID: a698ac9c-72ab-4161-b770-c934c28470d5
WARNING 2026-03-20 23:37:18,920 log 742883 129084091642176 Bad Request: /api/v1/auth/register/
INFO 2026-03-20 23:37:18,930 middleware 742883 129084091642176 POST /api/v1/auth/register/ - 400 - 0.006s - RequestID: e7ffbcb8-6977-4e52-938b-3fcaa3064ab2
WARNING 2026-03-20 23:37:18,930 log 742883 129084091642176 Bad Request: /api/v1/auth/register/
INFO 2026-03-20 23:37:18,937 middleware 742883 129084091642176 POST /api/v1/auth/register/ - 400 - 0.004s - RequestID: a3fa94eb-7132-409d-b435-d6b153cefab6
WARNING 2026-03-20 23:37:18,938 log 742883 129084091642176 Bad Request: /api/v1/auth/register/
INFO 2026-03-20 23:37:18,946 middleware 742883 129084091642176 POST /api/v1/auth/register/ - 400 - 0.005s - RequestID: 82b7bae2-7fb0-4b69-9b0d-0d7cbeb2285d
WARNING 2026-03-20 23:37:18,946 log 742883 129084091642176 Bad Request: /api/v1/auth/register/
INFO 2026-03-20 23:37:18,957 middleware 742883 129084091642176 POST /api/v1/auth/register/ - 201 - 0.008s - RequestID: 990d0435-8e82-4228-96e9-b1d3d0164b78
INFO 2026-03-20 23:37:18,967 middleware 742883 129084091642176 POST /api/v1/auth/register/ - 201 - 0.006s - RequestID: 6b57aeea-6566-4709-a8ef-a91835bf354c
INFO 2026-03-20 23:37:18,979 middleware 742883 129084091642176 POST /api/v1/auth/register/ - 400 - 0.007s - RequestID: 6c7a4fcd-4c84-4101-8004-479867374efa
WARNING 2026-03-20 23:37:18,979 log 742883 129084091642176 Bad Request: /api/v1/auth/register/
INFO 2026-03-20 23:42:35,523 middleware 746741 132441673482560 GET /api/schema/ - 200 - 0.312s - RequestID: 6a3a323c-b64f-4885-b547-7d22338fbe22
INFO 2026-03-20 23:42:35,589 middleware 746741 132441673482560 GET /api/schema/ - 200 - 0.061s - RequestID: 4962fc21-bc32-4bac-a722-63189dbc9689
INFO 2026-03-20 23:42:35,653 middleware 746741 132441673482560 GET /api/schema/ - 200 - 0.062s - RequestID: c7c884d9-2cdd-4268-91a3-d94a9d3115d4
INFO 2026-03-20 23:42:35,718 middleware 746741 132441673482560 GET /api/schema/ - 200 - 0.062s - RequestID: 08e83046-97b9-43f0-a112-724af65272df
INFO 2026-03-20 23:42:35,784 middleware 746741 132441673482560 GET /api/schema/ - 200 - 0.063s - RequestID: 03a36fc2-60e3-47a4-87d3-955bcafb71cc
INFO 2026-03-20 23:42:35,851 middleware 746741 132441673482560 GET /api/schema/ - 200 - 0.063s - RequestID: 39b7c1c1-07b2-46ed-9bf4-d185413e9d2f
INFO 2026-03-20 23:42:35,916 middleware 746741 132441673482560 GET /api/schema/ - 200 - 0.062s - RequestID: cf702731-31ae-4a43-bf3a-96ab0ad2e7b5
INFO 2026-03-20 23:42:35,981 middleware 746741 132441673482560 GET /api/schema/ - 200 - 0.061s - RequestID: 0f534ec2-a59b-42e7-b0b5-525212fb7293
INFO 2026-03-20 23:42:36,046 middleware 746741 132441673482560 GET /api/schema/ - 200 - 0.062s - RequestID: 6954638a-8cf0-44fe-95aa-c1d960633164
INFO 2026-03-20 23:42:36,172 middleware 746741 132441673482560 GET /api/schema/ - 200 - 0.122s - RequestID: 2175a9c0-84b9-47db-bc6e-87a745f2441e
INFO 2026-03-20 23:42:36,236 middleware 746741 132441673482560 GET /api/schema/ - 200 - 0.061s - RequestID: e4f92d32-5096-4b79-a4de-32f4994055b9
INFO 2026-03-20 23:42:36,257 middleware 746741 132441673482560 GET /api/redoc/ - 200 - 0.005s - RequestID: 93cc2eec-5a27-4828-8c6f-ac4dc88cd0ac
INFO 2026-03-20 23:42:36,261 middleware 746741 132441673482560 GET /api/redoc/ - 200 - 0.001s - RequestID: 68eb8cbb-0a4c-4fc8-8a93-206b27e2bb9c
INFO 2026-03-20 23:42:36,278 middleware 746741 132441673482560 GET /api/docs/ - 200 - 0.002s - RequestID: ed8855ae-bc67-4db1-8a4e-a95e1a330099
INFO 2026-03-20 23:42:36,283 middleware 746741 132441673482560 GET /api/docs/ - 200 - 0.002s - RequestID: 7a2bb58a-60ec-4c37-b634-6fbc9ee7fbff
INFO 2026-03-20 23:42:36,343 middleware 746741 132441673482560 GET /api/v1/courses/intro-to-ai/ - 200 - 0.014s - RequestID: e7c3ddba-f6b9-4fc0-b40a-62982ba2eff1
INFO 2026-03-20 23:42:36,355 middleware 746741 132441673482560 GET /api/v1/courses/intro-to-ai/ - 404 - 0.003s - RequestID: a498824e-c1e4-4d66-bcf0-6ae9ab3accce
WARNING 2026-03-20 23:42:36,356 log 746741 132441673482560 Not Found: /api/v1/courses/intro-to-ai/
INFO 2026-03-20 23:42:36,370 middleware 746741 132441673482560 GET /api/v1/courses/ - 200 - 0.010s - RequestID: d845a4ad-108f-4ead-b884-c29ba2f0d066
INFO 2026-03-20 23:42:36,382 middleware 746741 132441673482560 GET /api/v1/courses/ - 200 - 0.008s - RequestID: a16e23d0-64e7-4df4-8e2a-869205cd37d4
INFO 2026-03-20 23:42:36,440 middleware 746741 132441673482560 GET /api/v1/courses/course-0/ - 200 - 0.013s - RequestID: 3c99916a-6f14-431e-bdad-287879ee79f0
INFO 2026-03-20 23:42:36,448 middleware 746741 132441673482560 GET /api/v1/courses/course-1/ - 200 - 0.007s - RequestID: b0250f15-5eea-4280-bf32-3817940a9fbd
INFO 2026-03-20 23:42:36,463 middleware 746741 132441673482560 GET /api/v1/courses/ - 200 - 0.010s - RequestID: 7ee673ff-330a-4292-a14e-d4e34d41f25c
INFO 2026-03-20 23:42:36,472 middleware 746741 132441673482560 GET /api/v1/courses/ - 200 - 0.009s - RequestID: ec193176-d304-4f53-95c5-cd1381855867
INFO 2026-03-20 23:42:36,511 middleware 746741 132441673482560 GET /api/v1/courses/ - 200 - 0.015s - RequestID: b9e07152-f185-4ffa-ba9e-4e879c48aa81
INFO 2026-03-20 23:42:36,513 middleware 746741 132441673482560 GET /api/v1/courses/ - 200 - 0.001s - RequestID: ece90d15-c7dc-47ac-b488-95b83c5c12a4
INFO 2026-03-20 23:42:36,525 middleware 746741 132441673482560 GET /api/v1/courses/ - 200 - 0.008s - RequestID: d89ce550-e1e7-4e06-b3b5-239c67ae94b0
INFO 2026-03-20 23:42:36,608 middleware 746741 132441673482560 GET /api/v1/courses/ - 200 - 0.021s - RequestID: b0d722df-9ffd-49f7-814e-ce46bee94b18
INFO 2026-03-20 23:42:36,610 middleware 746741 132441673482560 GET /api/v1/courses/ - 200 - 0.001s - RequestID: 9af7aa24-cc6a-4750-8069-c5f1f634ab45
INFO 2026-03-20 23:42:36,659 middleware 746741 132441673482560 GET /api/v1/courses/ - 200 - 0.016s - RequestID: da9872bc-2dc2-4b1f-99b2-88988cce53be
INFO 2026-03-20 23:42:36,674 middleware 746741 132441673482560 GET /api/v1/courses/ - 200 - 0.009s - RequestID: 1c9da264-887c-42e9-b914-090f96623a6c
INFO 2026-03-20 23:42:36,706 middleware 746741 132441673482560 GET /api/v1/categories/ - 200 - 0.010s - RequestID: 552f8844-3c28-4b8b-8602-431b00ac4987
INFO 2026-03-20 23:42:36,707 middleware 746741 132441673482560 GET /api/v1/categories/ - 200 - 0.001s - RequestID: 2c22f6de-5470-455b-8825-7b018f6a29e5
INFO 2026-03-20 23:42:36,752 middleware 746741 132441673482560 GET /api/v1/courses/intro-to-ai/cohorts/ - 200 - 0.017s - RequestID: e95eb2c0-eaee-4368-95f1-51e3f320a251
INFO 2026-03-20 23:42:36,754 middleware 746741 132441673482560 GET /api/v1/courses/intro-to-ai/cohorts/ - 200 - 0.001s - RequestID: 91e253d1-7080-4f1f-a0c2-3ddda5968fcb
INFO 2026-03-20 23:42:36,792 middleware 746741 132441673482560 GET /api/v1/courses/intro-to-ai/ - 200 - 0.013s - RequestID: 5407c816-cc41-47e4-8dbb-09dd722d6dc5
INFO 2026-03-20 23:42:36,802 middleware 746741 132441673482560 GET /api/v1/courses/intro-to-ai/ - 200 - 0.007s - RequestID: dd08f837-2251-472f-a0ee-cef1ecae1044
INFO 2026-03-20 23:42:36,815 middleware 746741 132441673482560 GET /api/v1/courses/intro-to-ai/ - 200 - 0.007s - RequestID: 816c95cd-3823-4164-8701-b6639d52c50a
INFO 2026-03-20 23:42:36,816 middleware 746741 132441673482560 GET /api/v1/courses/intro-to-ai/ - 200 - 0.001s - RequestID: 88d96a34-fd04-4603-9a08-fe92735022d5
INFO 2026-03-20 23:42:36,863 middleware 746741 132441673482560 GET /api/v1/courses/ - 200 - 0.016s - RequestID: 574c81c1-204b-4fa2-aefa-ccbb57074b48
INFO 2026-03-20 23:42:36,873 middleware 746741 132441673482560 GET /api/v1/courses/ - 200 - 0.009s - RequestID: 4f041393-66a7-4d8e-9b2c-2733214cb172
INFO 2026-03-20 23:42:36,885 middleware 746741 132441673482560 GET /api/v1/courses/ - 200 - 0.008s - RequestID: 9536ade7-cd36-4b67-be1b-1871175583a4
INFO 2026-03-20 23:42:36,898 middleware 746741 132441673482560 GET /api/v1/courses/ - 200 - 0.008s - RequestID: da330ff6-d513-4e08-9c40-36bd667c8dd2
INFO 2026-03-20 23:42:36,899 middleware 746741 132441673482560 GET /api/v1/courses/ - 200 - 0.001s - RequestID: 877ce57a-2182-46e3-858a-4759b0fa41ab
INFO 2026-03-20 23:42:36,937 middleware 746741 132441673482560 GET /api/v1/categories/data-science/ - 200 - 0.007s - RequestID: 205442fc-d80f-4890-9619-785a1f6b24ae
INFO 2026-03-20 23:42:36,943 middleware 746741 132441673482560 GET /api/v1/categories/ai-fundamentals/ - 200 - 0.002s - RequestID: b2f5122e-9630-4f79-94a0-1900a5089bd4
INFO 2026-03-20 23:42:36,949 middleware 746741 132441673482560 GET /api/v1/categories/machine-learning/ - 200 - 0.003s - RequestID: 8fbfdddb-18e2-4675-9b00-533f65485497
INFO 2026-03-20 23:42:36,954 middleware 746741 132441673482560 GET /api/v1/categories/ai-fundamentals/ - 200 - 0.003s - RequestID: 1dd853e3-3daf-4a75-8301-c0ac17859ecb
INFO 2026-03-20 23:42:36,959 middleware 746741 132441673482560 GET /api/v1/categories/nonexistent/ - 404 - 0.002s - RequestID: e4e0bc92-c7f1-422e-a6fe-b37ab810f7e4
WARNING 2026-03-20 23:42:36,959 log 746741 132441673482560 Not Found: /api/v1/categories/nonexistent/
INFO 2026-03-20 23:42:36,992 middleware 746741 132441673482560 GET /api/v1/categories/ai-fundamentals/ - 200 - 0.007s - RequestID: f130de82-8efe-4040-867e-30a5c0445599
INFO 2026-03-20 23:42:36,999 middleware 746741 132441673482560 GET /api/v1/categories/ai-fundamentals/ - 200 - 0.003s - RequestID: e486e721-6635-456e-ae4f-3da27dcf42c1
INFO 2026-03-20 23:42:37,036 middleware 746741 132441673482560 GET /api/v1/categories/ - 200 - 0.009s - RequestID: 6d1af3d6-c401-4676-a73d-8c8e28a994fe
INFO 2026-03-20 23:42:37,042 middleware 746741 132441673482560 GET /api/v1/categories/ - 200 - 0.001s - RequestID: 9cd565f9-951d-48a9-ad8c-03fc2262a4ee
INFO 2026-03-20 23:42:37,045 middleware 746741 132441673482560 GET /api/v1/categories/ - 200 - 0.001s - RequestID: dff5df79-f44f-47d7-a55a-49871bf35abf
INFO 2026-03-20 23:42:37,091 middleware 746741 132441673482560 GET /api/v1/cohorts/44253f04-b2fb-41d3-b635-29ad9e7de213/ - 200 - 0.012s - RequestID: fc4a6fa2-a4ff-497e-ab04-f34dc9f0efab
INFO 2026-03-20 23:42:37,101 middleware 746741 132441673482560 GET /api/v1/cohorts/00000000-0000-0000-0000-000000000000/ - 404 - 0.005s - RequestID: e5396ecc-e17f-4fcf-9435-c3d123e29fe4
WARNING 2026-03-20 23:42:37,101 log 746741 132441673482560 Not Found: /api/v1/cohorts/00000000-0000-0000-0000-000000000000/
INFO 2026-03-20 23:42:37,146 middleware 746741 132441673482560 GET /api/v1/cohorts/99841925-065a-432f-932f-5cb521ad267a/ - 200 - 0.012s - RequestID: d67717a0-291b-4be0-9e18-6d9401e222c4
INFO 2026-03-20 23:42:37,157 middleware 746741 132441673482560 GET /api/v1/cohorts/99841925-065a-432f-932f-5cb521ad267a/ - 200 - 0.006s - RequestID: 65be9ccc-ed81-48ec-8b6e-97d5333e21fc
INFO 2026-03-20 23:42:37,205 middleware 746741 132441673482560 GET /api/v1/cohorts/ - 200 - 0.015s - RequestID: e1cd41ec-7776-453d-af34-8df973182bc5
INFO 2026-03-20 23:42:37,216 middleware 746741 132441673482560 GET /api/v1/cohorts/ - 200 - 0.007s - RequestID: 5d95e176-2015-42db-acda-6f0532338b2a
INFO 2026-03-20 23:42:37,226 middleware 746741 132441673482560 GET /api/v1/cohorts/ - 200 - 0.006s - RequestID: 0a2bb7f8-69c7-4acc-a96b-49be85f382b1
INFO 2026-03-20 23:42:37,238 middleware 746741 132441673482560 GET /api/v1/cohorts/ - 200 - 0.008s - RequestID: e6507274-da97-47e8-96b5-4b62d4c7a8f9
INFO 2026-03-20 23:42:37,287 middleware 746741 132441673482560 GET /api/v1/cohorts/ - 200 - 0.015s - RequestID: 3098b8f2-2b9c-4307-8e82-d3fb15d884d4
INFO 2026-03-20 23:42:37,301 middleware 746741 132441673482560 GET /api/v1/cohorts/ - 200 - 0.008s - RequestID: 545631fd-64c8-4028-92e3-854fc4ecf1fe
INFO 2026-03-20 23:42:37,311 middleware 746741 132441673482560 GET /api/v1/cohorts/ - 200 - 0.007s - RequestID: 642e705b-4dcf-4e97-aca8-e5da74c3f2ab
INFO 2026-03-20 23:42:37,360 middleware 746741 132441673482560 GET /api/v1/cohorts/ - 200 - 0.015s - RequestID: df86e20c-aa4e-4664-a1c4-85e581b66829
INFO 2026-03-20 23:42:37,372 middleware 746741 132441673482560 GET /api/v1/cohorts/ - 200 - 0.007s - RequestID: 088aa09a-67e6-4f6c-8945-32694883b9d5
INFO 2026-03-20 23:42:37,381 middleware 746741 132441673482560 GET /api/v1/cohorts/ - 200 - 0.006s - RequestID: 622dc9f2-2de8-48fe-b60f-4c7ac639b1fa
INFO 2026-03-20 23:42:37,428 middleware 746741 132441673482560 GET /api/v1/cohorts/ - 200 - 0.014s - RequestID: 50a5e2d4-47e3-4b5b-a7e6-5d44840a75ac
INFO 2026-03-20 23:42:37,441 middleware 746741 132441673482560 GET /api/v1/cohorts/ - 200 - 0.008s - RequestID: a333eca4-eab6-4e15-82d1-781d11a9f570
INFO 2026-03-20 23:42:37,494 middleware 746741 132441673482560 GET /api/v1/courses/ - 200 - 0.016s - RequestID: 2543c14a-b53d-4870-aacb-90400fa8c418
INFO 2026-03-20 23:42:37,510 middleware 746741 132441673482560 GET /api/v1/courses/ - 200 - 0.011s - RequestID: 7adb2bf1-3abb-44d0-b0a1-aa7a3a572847
INFO 2026-03-20 23:42:37,524 middleware 746741 132441673482560 GET /api/v1/courses/ - 200 - 0.010s - RequestID: b73396ef-4c48-4736-a897-6afa9176a062
INFO 2026-03-20 23:42:37,530 middleware 746741 132441673482560 GET /api/v1/courses/ - 200 - 0.004s - RequestID: b43c4455-3284-414c-81d3-cdb55446e3b8
INFO 2026-03-20 23:42:37,573 middleware 746741 132441673482560 GET /api/v1/courses/intro-to-ai/ - 200 - 0.012s - RequestID: b278c6df-856c-451d-b3b0-fe08506d94f4
INFO 2026-03-20 23:42:37,579 middleware 746741 132441673482560 GET /api/v1/courses/intro-to-ai/ - 200 - 0.001s - RequestID: ada604cd-4460-4980-9d77-8f9cfcaf3a29
INFO 2026-03-20 23:42:37,585 middleware 746741 132441673482560 GET /api/v1/courses/nonexistent/ - 404 - 0.003s - RequestID: f5e7981d-73ac-491e-be47-05759017ab76
WARNING 2026-03-20 23:42:37,586 log 746741 132441673482560 Not Found: /api/v1/courses/nonexistent/
INFO 2026-03-20 23:42:37,592 middleware 746741 132441673482560 GET /api/v1/courses/draft-course/ - 404 - 0.003s - RequestID: ee30428f-df8f-41f7-a31a-f730c73d3913
WARNING 2026-03-20 23:42:37,592 log 746741 132441673482560 Not Found: /api/v1/courses/draft-course/
INFO 2026-03-20 23:42:37,645 middleware 746741 132441673482560 GET /api/v1/courses/ - 200 - 0.018s - RequestID: dfdc358b-005c-4545-977d-d0fcdd799289
INFO 2026-03-20 23:42:37,660 middleware 746741 132441673482560 GET /api/v1/courses/ - 200 - 0.011s - RequestID: 04191b47-9383-497f-b9b4-d26399f35645
INFO 2026-03-20 23:42:37,671 middleware 746741 132441673482560 GET /api/v1/courses/ - 200 - 0.007s - RequestID: 6c272f19-eeec-4abb-acf5-09e4792bb499
INFO 2026-03-20 23:42:37,682 middleware 746741 132441673482560 GET /api/v1/courses/ - 200 - 0.008s - RequestID: ccb02bef-7891-4144-92a2-8fcd28e8074e
INFO 2026-03-20 23:42:37,693 middleware 746741 132441673482560 GET /api/v1/courses/ - 200 - 0.008s - RequestID: 713a5f0d-3ab2-4dc5-8bb0-54b15dc04bb5
INFO 2026-03-20 23:42:37,704 middleware 746741 132441673482560 GET /api/v1/courses/ - 200 - 0.008s - RequestID: f1f0065f-84fb-4510-92e3-cac0916efde1
INFO 2026-03-20 23:42:37,709 middleware 746741 132441673482560 GET /api/v1/courses/ - 400 - 0.002s - RequestID: 4ee1d274-d6dd-4cc3-8cc9-d0df1020a4d9
WARNING 2026-03-20 23:42:37,709 log 746741 132441673482560 Bad Request: /api/v1/courses/
INFO 2026-03-20 23:42:37,758 middleware 746741 132441673482560 GET /api/v1/courses/ - 200 - 0.016s - RequestID: 094013b3-27f6-4a54-9e93-84d2d4f36187
INFO 2026-03-20 23:42:37,764 middleware 746741 132441673482560 GET /api/v1/courses/ - 200 - 0.001s - RequestID: 0b7e39f8-bac0-4524-b7fb-77e15ff14457
INFO 2026-03-20 23:42:37,769 middleware 746741 132441673482560 GET /api/v1/courses/ - 200 - 0.001s - RequestID: f563c71a-bd47-4401-bdc2-15daab90b51a
INFO 2026-03-20 23:42:37,815 middleware 746741 132441673482560 GET /api/v1/courses/ - 200 - 0.015s - RequestID: 9e760a5a-f457-4a81-b762-8057e84ae437
INFO 2026-03-20 23:42:37,828 middleware 746741 132441673482560 GET /api/v1/courses/ - 200 - 0.009s - RequestID: 146671e4-8f6d-4927-a846-1231b9998563
INFO 2026-03-20 23:42:37,839 middleware 746741 132441673482560 GET /api/v1/courses/ - 200 - 0.008s - RequestID: 18b8c46b-8a01-4826-ba77-9493f387b608
INFO 2026-03-20 23:42:37,852 middleware 746741 132441673482560 GET /api/v1/courses/ - 200 - 0.010s - RequestID: 2a6103dc-4f75-476f-bc76-1bb67f6cdb59
INFO 2026-03-20 23:42:37,863 middleware 746741 132441673482560 GET /api/v1/courses/ - 200 - 0.008s - RequestID: d210af87-becd-4476-a172-918170578a09
INFO 2026-03-20 23:42:37,877 middleware 746741 132441673482560 GET /api/v1/courses/ - 200 - 0.010s - RequestID: 54581f9a-aa16-4376-80ed-8a4091abec2c
INFO 2026-03-20 23:42:37,925 middleware 746741 132441673482560 GET /api/v1/courses/ - 200 - 0.015s - RequestID: 354b6dbd-c707-46c8-b99b-ce1710f588a1
INFO 2026-03-20 23:42:37,939 middleware 746741 132441673482560 GET /api/v1/courses/ - 200 - 0.009s - RequestID: 8240625f-de6d-4063-a65b-4ec8bf6f86f8
INFO 2026-03-20 23:42:37,952 middleware 746741 132441673482560 GET /api/v1/courses/ - 200 - 0.010s - RequestID: 725dba05-2024-424a-b142-14a063b5f7c6
INFO 2026-03-20 23:42:37,963 middleware 746741 132441673482560 GET /api/v1/courses/ - 200 - 0.008s - RequestID: e3553871-21b5-4bdb-997a-95bff71529fb
INFO 2026-03-20 23:42:37,972 middleware 746741 132441673482560 GET /api/v1/courses/ - 200 - 0.008s - RequestID: b92d85d7-2516-4519-aa65-1c2c1fbdac8e
INFO 2026-03-20 23:42:37,979 middleware 746741 132441673482560 GET /api/v1/courses/ - 200 - 0.004s - RequestID: a24adac9-7a53-4f0b-8602-c066f874865d
INFO 2026-03-20 23:42:37,991 middleware 746741 132441673482560 GET /api/v1/courses/ - 200 - 0.009s - RequestID: 2002e17c-bfba-43ad-84ff-450e9d8bd8a7
INFO 2026-03-20 23:42:38,023 middleware 746741 132441673482560 POST /api/v1/enrollments/aed4d42f-9468-40d5-84d4-2e8176ec580d/cancel/ - 400 - 0.004s - RequestID: d6c777ad-575f-46a8-94c4-eb1e5cf0e99a
WARNING 2026-03-20 23:42:38,023 log 746741 132441673482560 Bad Request: /api/v1/enrollments/aed4d42f-9468-40d5-84d4-2e8176ec580d/cancel/
INFO 2026-03-20 23:42:38,043 middleware 746741 132441673482560 POST /api/v1/enrollments/2657aca5-e419-4559-9217-d0330cd1bd26/cancel/ - 200 - 0.006s - RequestID: 3c5020b2-785e-483f-a6a7-5b71aed39b81
INFO 2026-03-20 23:42:38,059 middleware 746741 132441673482560 POST /api/v1/enrollments/6c2e805f-a8e1-4800-b0a2-4ee804173fe9/cancel/ - 200 - 0.006s - RequestID: 15ed0612-bdf4-4a28-a74f-417621c96957
INFO 2026-03-20 23:42:38,077 middleware 746741 132441673482560 POST /api/v1/enrollments/ - 400 - 0.007s - RequestID: 5287727b-d10a-4008-a698-e3d28cc84b67
WARNING 2026-03-20 23:42:38,077 log 746741 132441673482560 Bad Request: /api/v1/enrollments/
INFO 2026-03-20 23:42:38,090 middleware 746741 132441673482560 POST /api/v1/enrollments/ - 400 - 0.005s - RequestID: c4dd0048-0d1f-4993-b2f3-026e5555a8fb
WARNING 2026-03-20 23:42:38,091 log 746741 132441673482560 Bad Request: /api/v1/enrollments/
INFO 2026-03-20 23:42:38,106 middleware 746741 132441673482560 POST /api/v1/enrollments/ - 401 - 0.001s - RequestID: 8c9f82ae-6d0c-41ec-8e19-93000c839ad4
WARNING 2026-03-20 23:42:38,107 log 746741 132441673482560 Unauthorized: /api/v1/enrollments/
INFO 2026-03-20 23:42:38,124 middleware 746741 132441673482560 POST /api/v1/enrollments/ - 201 - 0.010s - RequestID: 2a6561cb-70ba-4928-8d34-8bf94d40b824
INFO 2026-03-20 23:42:38,140 middleware 746741 132441673482560 POST /api/v1/enrollments/ - 201 - 0.010s - RequestID: 185948a1-1cc1-4a35-9cad-c50345217f83
INFO 2026-03-20 23:42:38,161 middleware 746741 132441673482560 GET /api/v1/enrollments/ - 200 - 0.010s - RequestID: cdeff53c-5ae8-4a62-837a-e3e27b0e89bb
INFO 2026-03-20 23:42:38,214 middleware 746741 132441673482560 POST /api/v1/courses/intro-to-ai/thumbnail/ - 201 - 0.015s - RequestID: f7990479-0c6c-43ed-ae99-874aed95b525
INFO 2026-03-20 23:42:38,252 middleware 746741 132441673482560 POST /api/v1/courses/intro-to-ai/thumbnail/ - 400 - 0.002s - RequestID: f3c8e68c-c946-4d8d-9c8e-dec0bd414d3e
WARNING 2026-03-20 23:42:38,252 log 746741 132441673482560 Bad Request: /api/v1/courses/intro-to-ai/thumbnail/
INFO 2026-03-20 23:42:38,511 middleware 746741 132441673482560 POST /api/v1/courses/intro-to-ai/thumbnail/ - 400 - 0.017s - RequestID: 70ba4579-f673-487c-9e81-952eba33546b
WARNING 2026-03-20 23:42:38,511 log 746741 132441673482560 Bad Request: /api/v1/courses/intro-to-ai/thumbnail/
INFO 2026-03-20 23:42:38,521 middleware 746741 132441673482560 POST /api/v1/courses/nonexistent-course/thumbnail/ - 404 - 0.002s - RequestID: 22db7dab-bc4f-4f7a-af62-0e17bc198a28
WARNING 2026-03-20 23:42:38,521 log 746741 132441673482560 Not Found: /api/v1/courses/nonexistent-course/thumbnail/
INFO 2026-03-20 23:42:38,528 middleware 746741 132441673482560 POST /api/v1/courses/intro-to-ai/thumbnail/ - 400 - 0.003s - RequestID: 0ba87bed-f2cd-4b4f-b52d-cda79d4ae4ce
WARNING 2026-03-20 23:42:38,528 log 746741 132441673482560 Bad Request: /api/v1/courses/intro-to-ai/thumbnail/
INFO 2026-03-20 23:42:38,545 middleware 746741 132441673482560 POST /api/v1/courses/intro-to-ai/thumbnail/ - 201 - 0.010s - RequestID: e04e2dfe-20c9-4232-a3e8-33bd9a76c9ae
INFO 2026-03-20 23:42:38,573 middleware 746741 132441673482560 POST /api/v1/courses/intro-to-ai/thumbnail/ - 201 - 0.013s - RequestID: a1d11b59-06aa-493b-b4af-f47cdc656e0e
INFO 2026-03-20 23:42:38,639 middleware 746741 132441673482560 POST /api/v1/courses/intro-to-ai/thumbnail/ - 201 - 0.013s - RequestID: a456cf4a-4de0-4094-8157-22b0d1f87555
INFO 2026-03-20 23:42:38,652 middleware 746741 132441673482560 POST /api/v1/courses/intro-to-ai/thumbnail/ - 401 - 0.001s - RequestID: cbecf703-4d96-4df3-9ef8-58cf43b2ca81
WARNING 2026-03-20 23:42:38,652 log 746741 132441673482560 Unauthorized: /api/v1/courses/intro-to-ai/thumbnail/
INFO 2026-03-20 23:42:38,770 middleware 746741 132441673482560 POST /api/v1/courses/intro-to-ai/thumbnail/ - 201 - 0.082s - RequestID: 886b7606-b48a-4ca9-abfd-61a2f0e64342
INFO 2026-03-20 23:42:39,087 middleware 746741 132441673482560 POST /api/v1/courses/intro-to-ai/thumbnail/ - 201 - 0.254s - RequestID: a35d63ba-222e-46a9-8a4f-0c6e81dd895d
INFO 2026-03-20 23:42:39,105 middleware 746741 132441673482560 POST /api/v1/courses/intro-to-ai/thumbnail/ - 201 - 0.011s - RequestID: be4e27d0-b4fc-4565-ae5b-007501b9cc3a
INFO 2026-03-20 23:42:39,135 middleware 746741 132441673482560 POST /api/v1/courses/intro-to-ai/thumbnail/ - 400 - 0.005s - RequestID: 0a972611-3dd3-4e7d-b731-651ba6d5ff0d
WARNING 2026-03-20 23:42:39,135 log 746741 132441673482560 Bad Request: /api/v1/courses/intro-to-ai/thumbnail/
INFO 2026-03-20 23:42:39,142 middleware 746741 132441673482560 POST /api/v1/courses/intro-to-ai/thumbnail/ - 400 - 0.002s - RequestID: 6f10c950-d4bf-4b6c-a730-3f8645af9d37
WARNING 2026-03-20 23:42:39,142 log 746741 132441673482560 Bad Request: /api/v1/courses/intro-to-ai/thumbnail/
INFO 2026-03-20 23:42:39,158 middleware 746741 132441673482560 POST /api/v1/courses/intro-to-ai/thumbnail/ - 201 - 0.010s - RequestID: 1d51b84b-02c3-463f-bc3a-2931c83b34e8
INFO 2026-03-20 23:42:39,165 middleware 746741 132441673482560 POST /api/v1/courses/intro-to-ai/thumbnail/ - 400 - 0.002s - RequestID: 0c7321c0-60ea-4f83-b1c3-55c4d0424d84
WARNING 2026-03-20 23:42:39,165 log 746741 132441673482560 Bad Request: /api/v1/courses/intro-to-ai/thumbnail/
INFO 2026-03-20 23:42:39,173 middleware 746741 132441673482560 POST /api/v1/courses/intro-to-ai/thumbnail/ - 400 - 0.002s - RequestID: 8c6eb8b5-8803-45fa-857b-9291be6b09d2
WARNING 2026-03-20 23:42:39,173 log 746741 132441673482560 Bad Request: /api/v1/courses/intro-to-ai/thumbnail/
INFO 2026-03-20 23:42:39,218 middleware 746741 132441673482560 POST /api/v1/courses/intro-to-ai/thumbnail/ - 201 - 0.013s - RequestID: 7d68cbb7-2b52-487e-8ce8-749f1c1ff74e
INFO 2026-03-20 23:42:39,229 middleware 746741 132441673482560 POST /api/v1/courses/intro-to-ai/thumbnail/ - 201 - 0.011s - RequestID: 9dfa41f7-fdb1-449e-ba74-a89d60bb5e24
INFO 2026-03-20 23:42:39,247 middleware 746741 132441673482560 POST /api/v1/courses/intro-to-ai/thumbnail/ - 201 - 0.010s - RequestID: 71c2e943-5d5e-4ab7-9bcb-4fa2cbda8cfb
INFO 2026-03-20 23:42:39,368 middleware 746741 132441673482560 POST /api/v1/users/me/avatar/ - 201 - 0.078s - RequestID: 6ae4b0f6-ca2d-42f8-be59-0654e2da7a48
INFO 2026-03-20 23:42:39,381 middleware 746741 132441673482560 POST /api/v1/users/me/avatar/ - 401 - 0.001s - RequestID: 01aec186-92b1-4eca-854c-d927a3401703
WARNING 2026-03-20 23:42:39,381 log 746741 132441673482560 Unauthorized: /api/v1/users/me/avatar/
INFO 2026-03-20 23:42:39,390 middleware 746741 132441673482560 POST /api/v1/users/me/avatar/ - 201 - 0.005s - RequestID: 9ac22cec-83b7-4dc5-9e1e-110ea7a1b70b
INFO 2026-03-20 23:42:39,398 middleware 746741 132441673482560 POST /api/v1/users/me/avatar/ - 201 - 0.005s - RequestID: 6cf07226-1876-4644-bdff-b58793c78ae0
INFO 2026-03-20 23:42:39,419 middleware 746741 132441673482560 GET /api/v1/enrollments/ - 401 - 0.001s - RequestID: d191d21d-bb9b-42c0-bf64-649470831b51
WARNING 2026-03-20 23:42:39,419 log 746741 132441673482560 Unauthorized: /api/v1/enrollments/
INFO 2026-03-20 23:42:39,451 middleware 746741 132441673482560 POST /api/v1/auth/token/ - 200 - 0.032s - RequestID: bb694373-3058-4553-8240-a21c1eb05214
INFO 2026-03-20 23:42:39,458 middleware 746741 132441673482560 GET /api/v1/enrollments/ - 200 - 0.006s - RequestID: 51c609ce-aec9-4cd0-893d-290b4ad099b2
INFO 2026-03-20 23:42:39,465 middleware 746741 132441673482560 POST /api/v1/auth/token/ - 401 - 0.002s - RequestID: fd4fe784-a950-4ec8-868b-94d533f47f70
WARNING 2026-03-20 23:42:39,465 log 746741 132441673482560 Unauthorized: /api/v1/auth/token/
INFO 2026-03-20 23:42:39,473 middleware 746741 132441673482560 POST /api/v1/auth/token/ - 200 - 0.004s - RequestID: f586cba4-479d-442a-9b3e-fd5245359980
INFO 2026-03-20 23:42:39,481 middleware 746741 132441673482560 POST /api/v1/auth/token/ - 200 - 0.005s - RequestID: 82b69fbe-6986-46a8-80d5-ba2486e81064
INFO 2026-03-20 23:42:39,490 middleware 746741 132441673482560 POST /api/v1/auth/token/ - 200 - 0.005s - RequestID: 161b8b5e-14b7-461e-a2de-9fc07849065c
INFO 2026-03-20 23:42:39,503 middleware 746741 132441673482560 POST /api/v1/auth/token/refresh/ - 200 - 0.013s - RequestID: fffb5088-0a07-4923-bc0e-e39295460f0f
INFO 2026-03-20 23:42:39,512 middleware 746741 132441673482560 POST /api/v1/auth/token/ - 200 - 0.005s - RequestID: 19b20489-bdfc-4ac4-beda-886c7dbe1361
INFO 2026-03-20 23:42:39,514 middleware 746741 132441673482560 POST /api/v1/auth/token/verify/ - 200 - 0.002s - RequestID: a142e72a-5b85-4635-a1ce-80a370249236
INFO 2026-03-20 23:42:39,573 middleware 746741 132441673482560 GET /api/v1/cohorts/ - 200 - 0.015s - RequestID: 5a5e1d06-9916-489a-aa33-c377cf0b8eb4
INFO 2026-03-20 23:42:39,607 middleware 746741 132441673482560 GET /api/v1/courses/course-0/cohorts/ - 200 - 0.010s - RequestID: 8c753858-2188-417c-a78f-fa9164d1e67e
INFO 2026-03-20 23:42:39,633 middleware 746741 132441673482560 GET /api/v1/courses/course-0/ - 200 - 0.007s - RequestID: 93662e48-b3c9-4c74-9b3c-e8d606223a2e
INFO 2026-03-20 23:42:39,663 middleware 746741 132441673482560 GET /api/v1/courses/ - 200 - 0.011s - RequestID: d0b9f4f3-866d-4b1c-88ec-41c1aac04c9b
INFO 2026-03-20 23:42:39,820 middleware 746741 132441673482560 GET /api/v1/courses/ - 200 - 0.015s - RequestID: 1fa8a2e9-faca-407c-8113-46fa19c30996
INFO 2026-03-20 23:42:39,862 middleware 746741 132441673482560 GET /api/v1/courses/intro-to-ai/cohorts/ - 200 - 0.017s - RequestID: fab173e5-78c3-4255-bf89-87eb0133c836
INFO 2026-03-20 23:42:39,886 middleware 746741 132441673482560 GET /api/v1/courses/ - 200 - 0.001s - RequestID: dc53919c-d4be-4229-8720-f5f26cee111c
INFO 2026-03-20 23:42:39,903 middleware 746741 132441673482560 GET /api/v1/courses/ - 200 - 0.015s - RequestID: 8e83d89c-7ced-4d6c-805e-f93ff452b102
INFO 2026-03-20 23:42:39,929 middleware 746741 132441673482560 POST /api/v1/enrollments/ - 400 - 0.003s - RequestID: fdcadff7-635d-4d94-8583-57249163dfc8
WARNING 2026-03-20 23:42:39,929 log 746741 132441673482560 Bad Request: /api/v1/enrollments/
INFO 2026-03-20 23:42:39,932 middleware 746741 132441673482560 GET /api/v1/enrollments/ - 401 - 0.001s - RequestID: a5f9eb18-35b6-4eba-b59a-967a02ee1cc9
WARNING 2026-03-20 23:42:39,932 log 746741 132441673482560 Unauthorized: /api/v1/enrollments/
INFO 2026-03-20 23:42:39,941 middleware 746741 132441673482560 GET /api/v1/courses/non-existent-course/ - 404 - 0.006s - RequestID: 9df4fd3f-a603-4746-9250-9f46a8e734da
WARNING 2026-03-20 23:42:39,941 log 746741 132441673482560 Not Found: /api/v1/courses/non-existent-course/
INFO 2026-03-20 23:42:39,949 middleware 746741 132441673482560 POST /api/v1/enrollments/ - 400 - 0.005s - RequestID: 0fbe5bee-0f71-4e86-b9e7-1caa170bddeb
WARNING 2026-03-20 23:42:39,949 log 746741 132441673482560 Bad Request: /api/v1/enrollments/
INFO 2026-03-20 23:42:39,957 middleware 746741 132441673482560 POST /api/v1/enrollments/ - 400 - 0.005s - RequestID: 36956ba1-725b-4bdf-8ef8-1b21cca18669
WARNING 2026-03-20 23:42:39,957 log 746741 132441673482560 Bad Request: /api/v1/enrollments/
INFO 2026-03-20 23:42:40,032 middleware 746741 132441673482560 GET /api/v1/courses/ - 200 - 0.016s - RequestID: 0474e27d-0b3b-47ab-8b97-256a1f8dda28
INFO 2026-03-20 23:42:40,047 middleware 746741 132441673482560 GET /api/v1/courses/ - 200 - 0.010s - RequestID: 9b74a501-24ff-41c1-a747-ec01be3d401b
INFO 2026-03-20 23:42:40,083 middleware 746741 132441673482560 GET /api/v1/courses/ - 200 - 0.014s - RequestID: 1181c1c7-9fbf-4fa4-bf5d-174ddf6a2423
INFO 2026-03-20 23:42:40,092 middleware 746741 132441673482560 GET /api/v1/courses/ - 200 - 0.007s - RequestID: 398ecdbb-81a1-4112-a376-22c427ed66fa
INFO 2026-03-20 23:42:40,124 middleware 746741 132441673482560 GET /api/v1/categories/ - 200 - 0.008s - RequestID: 035c6992-079a-4c1f-baaf-70173414e2cd
INFO 2026-03-20 23:42:40,143 middleware 746741 132441673482560 GET /api/v1/cohorts/ - 200 - 0.013s - RequestID: 377dd5e1-c85d-46bf-9a6f-c2b606880874
INFO 2026-03-20 23:42:40,155 middleware 746741 132441673482560 GET /api/v1/courses/intro-to-ai/ - 200 - 0.008s - RequestID: 18d81463-c255-46be-bc13-41dfa634a955
INFO 2026-03-20 23:42:40,166 middleware 746741 132441673482560 GET /api/v1/courses/ - 200 - 0.008s - RequestID: 086aa25f-6561-481f-b90d-6f8bcfd2c71d
INFO 2026-03-20 23:42:40,201 middleware 746741 132441673482560 GET /api/v1/courses/ - 200 - 0.014s - RequestID: a0ad14b9-f609-4a64-bdca-8d49598da8d8
INFO 2026-03-20 23:42:40,286 middleware 746741 132441673482560 POST /api/v1/auth/register/ - 201 - 0.058s - RequestID: 9fdd3985-e7cf-42f4-be10-3e53f93283f0
INFO 2026-03-20 23:42:40,294 middleware 746741 132441673482560 POST /api/v1/auth/register/ - 201 - 0.008s - RequestID: 15d7fc12-4d81-4bd1-bce1-44754d9721d1
INFO 2026-03-20 23:42:40,303 middleware 746741 132441673482560 POST /api/v1/auth/register/ - 201 - 0.008s - RequestID: 0bb94201-186a-4407-92c7-23decd92a062
INFO 2026-03-20 23:42:40,304 middleware 746741 132441673482560 POST /api/v1/auth/register/ - 429 - 0.001s - RequestID: 8d484688-3ec0-400b-b9b1-b293c754d0ec
WARNING 2026-03-20 23:42:40,305 log 746741 132441673482560 Too Many Requests: /api/v1/auth/register/
INFO 2026-03-20 23:42:40,325 middleware 746741 132441673482560 POST /api/v1/enrollments/ - 201 - 0.012s - RequestID: f6159419-8a60-4949-9017-a42a79f93048
INFO 2026-03-20 23:42:40,332 middleware 746741 132441673482560 POST /api/v1/enrollments/ - 400 - 0.006s - RequestID: 52d39cf3-c79a-43f1-83ee-18b095d026d6
WARNING 2026-03-20 23:42:40,332 log 746741 132441673482560 Bad Request: /api/v1/enrollments/
INFO 2026-03-20 23:42:40,338 middleware 746741 132441673482560 POST /api/v1/enrollments/ - 400 - 0.005s - RequestID: a46ffc76-4192-42c5-bbd4-10191fd3e34e
WARNING 2026-03-20 23:42:40,338 log 746741 132441673482560 Bad Request: /api/v1/enrollments/
INFO 2026-03-20 23:42:40,345 middleware 746741 132441673482560 POST /api/v1/enrollments/ - 400 - 0.006s - RequestID: 74663e4b-b4d1-4257-9a6a-4680dc26e624
WARNING 2026-03-20 23:42:40,345 log 746741 132441673482560 Bad Request: /api/v1/enrollments/
INFO 2026-03-20 23:42:40,351 middleware 746741 132441673482560 POST /api/v1/enrollments/ - 400 - 0.006s - RequestID: 732a5ab2-119e-4881-b3e1-d1b159eb5e74
WARNING 2026-03-20 23:42:40,352 log 746741 132441673482560 Bad Request: /api/v1/enrollments/
INFO 2026-03-20 23:42:40,357 middleware 746741 132441673482560 POST /api/v1/enrollments/ - 400 - 0.005s - RequestID: bfc221fa-f914-448c-8d7f-2a4dcb25b6cf
WARNING 2026-03-20 23:42:40,357 log 746741 132441673482560 Bad Request: /api/v1/enrollments/
INFO 2026-03-20 23:42:40,364 middleware 746741 132441673482560 POST /api/v1/enrollments/ - 400 - 0.006s - RequestID: 51f57643-9a8a-4024-82ba-5127e29cb1a2
WARNING 2026-03-20 23:42:40,364 log 746741 132441673482560 Bad Request: /api/v1/enrollments/
INFO 2026-03-20 23:42:40,370 middleware 746741 132441673482560 POST /api/v1/enrollments/ - 400 - 0.006s - RequestID: 21ce4b88-c121-457e-88a9-1b2d9744e53e
WARNING 2026-03-20 23:42:40,371 log 746741 132441673482560 Bad Request: /api/v1/enrollments/
INFO 2026-03-20 23:42:40,377 middleware 746741 132441673482560 POST /api/v1/enrollments/ - 400 - 0.006s - RequestID: 6fdc15ef-364b-472a-ae48-b75498a595a5
WARNING 2026-03-20 23:42:40,377 log 746741 132441673482560 Bad Request: /api/v1/enrollments/
INFO 2026-03-20 23:42:40,383 middleware 746741 132441673482560 POST /api/v1/enrollments/ - 400 - 0.006s - RequestID: f1e609a0-8caf-4b0c-8acc-49afffee7a4c
WARNING 2026-03-20 23:42:40,384 log 746741 132441673482560 Bad Request: /api/v1/enrollments/
INFO 2026-03-20 23:42:40,385 middleware 746741 132441673482560 POST /api/v1/enrollments/ - 429 - 0.001s - RequestID: 318b8ec5-1ea7-44da-930d-0178aa9712d8
WARNING 2026-03-20 23:42:40,385 log 746741 132441673482560 Too Many Requests: /api/v1/enrollments/
INFO 2026-03-20 23:42:40,403 middleware 746741 132441673482560 POST /api/v1/enrollments/ - 201 - 0.010s - RequestID: 62fbe917-ed53-466a-b8d0-60fe704e00d5
INFO 2026-03-20 23:42:40,409 middleware 746741 132441673482560 POST /api/v1/enrollments/ - 400 - 0.006s - RequestID: a45ce027-fe0e-4b12-ab60-6ad2bc0d9fc2
WARNING 2026-03-20 23:42:40,410 log 746741 132441673482560 Bad Request: /api/v1/enrollments/
INFO 2026-03-20 23:42:40,416 middleware 746741 132441673482560 POST /api/v1/enrollments/ - 400 - 0.006s - RequestID: 84ce1fa2-0c05-464f-aee6-9b5ace5ea34b
WARNING 2026-03-20 23:42:40,416 log 746741 132441673482560 Bad Request: /api/v1/enrollments/
INFO 2026-03-20 23:42:40,422 middleware 746741 132441673482560 POST /api/v1/enrollments/ - 400 - 0.006s - RequestID: 209807fa-073c-4906-9772-0055abc39324
WARNING 2026-03-20 23:42:40,422 log 746741 132441673482560 Bad Request: /api/v1/enrollments/
INFO 2026-03-20 23:42:40,429 middleware 746741 132441673482560 POST /api/v1/enrollments/ - 400 - 0.007s - RequestID: 7ca54219-9c20-4d11-83b9-09d90c8c47fb
WARNING 2026-03-20 23:42:40,430 log 746741 132441673482560 Bad Request: /api/v1/enrollments/
INFO 2026-03-20 23:42:40,431 middleware 746741 132441673482560 POST /api/v1/enrollments/ - 429 - 0.001s - RequestID: bec77ad6-1bb2-4b58-8e39-a14a4306cf95
WARNING 2026-03-20 23:42:40,431 log 746741 132441673482560 Too Many Requests: /api/v1/enrollments/
INFO 2026-03-20 23:42:40,451 middleware 746741 132441673482560 GET /api/v1/courses/ - 200 - 0.010s - RequestID: 8bf0d9ae-b55e-4a37-bc00-53e2f8a47b80
INFO 2026-03-20 23:42:40,452 middleware 746741 132441673482560 GET /api/v1/courses/ - 200 - 0.001s - RequestID: 1e58d8d9-2d8e-4edc-b64f-671aae98b311
INFO 2026-03-20 23:42:40,467 middleware 746741 132441673482560 POST /api/v1/auth/register/ - 201 - 0.006s - RequestID: 2a09a774-5759-4dd8-b126-63177651de5a
INFO 2026-03-20 23:42:40,473 middleware 746741 132441673482560 POST /api/v1/auth/register/ - 201 - 0.006s - RequestID: 57f3a951-bf4a-41f6-b6f0-0673c6d239c3
INFO 2026-03-20 23:42:40,479 middleware 746741 132441673482560 POST /api/v1/auth/register/ - 201 - 0.006s - RequestID: cf87cbbd-40ff-42b5-bd9a-d9815ceeb9a9
INFO 2026-03-20 23:42:40,481 middleware 746741 132441673482560 POST /api/v1/auth/register/ - 429 - 0.001s - RequestID: 58aa29b1-ff01-4e5d-b3af-c1e3b85d16a5
WARNING 2026-03-20 23:42:40,481 log 746741 132441673482560 Too Many Requests: /api/v1/auth/register/
INFO 2026-03-20 23:42:40,505 middleware 746741 132441673482560 GET /api/v1/users/me/ - 200 - 0.004s - RequestID: 12422be8-812b-40a7-be06-120793bd922b
INFO 2026-03-20 23:42:40,532 middleware 746741 132441673482560 POST /api/v1/auth/register/ - 201 - 0.012s - RequestID: 7fbe69c4-d406-44cc-b485-7ac8f5793878
INFO 2026-03-20 23:42:40,541 middleware 746741 132441673482560 POST /api/v1/auth/register/ - 201 - 0.006s - RequestID: 2e1c5159-693c-4517-81d3-42d2095204c8
INFO 2026-03-20 23:42:40,549 middleware 746741 132441673482560 PATCH /api/v1/users/me/ - 200 - 0.003s - RequestID: d7dff824-896c-4764-adb3-0ed209eafe7d
INFO 2026-03-20 23:42:40,570 middleware 746741 132441673482560 POST /api/v1/auth/password-reset/confirm/ - 400 - 0.001s - RequestID: b73ee953-369e-4de6-ab2c-f94259d71ddc
WARNING 2026-03-20 23:42:40,571 log 746741 132441673482560 Bad Request: /api/v1/auth/password-reset/confirm/
INFO 2026-03-20 23:42:40,576 middleware 746741 132441673482560 POST /api/v1/auth/password-reset/confirm/ - 400 - 0.002s - RequestID: c024f453-a7c4-477a-b84c-039766ef4d93
WARNING 2026-03-20 23:42:40,576 log 746741 132441673482560 Bad Request: /api/v1/auth/password-reset/confirm/
INFO 2026-03-20 23:42:40,580 middleware 746741 132441673482560 POST /api/v1/auth/password-reset/ - 400 - 0.001s - RequestID: ea2f696c-16b6-44b4-804c-bdb8e246e7bf
WARNING 2026-03-20 23:42:40,580 log 746741 132441673482560 Bad Request: /api/v1/auth/password-reset/
INFO 2026-03-20 23:42:40,587 middleware 746741 132441673482560 POST /api/v1/auth/password-reset/ - 200 - 0.005s - RequestID: 4be18829-ce24-4fe1-b15b-57fac275ea65
INFO 2026-03-20 23:42:40,593 middleware 746741 132441673482560 POST /api/v1/auth/password-reset/ - 200 - 0.003s - RequestID: 3f4db01e-5d51-4482-b7f7-ab82014fb820
INFO 2026-03-20 23:42:40,596 middleware 746741 132441673482560 POST /api/v1/auth/password-reset/confirm/ - 400 - 0.001s - RequestID: ecfa1153-a857-406e-9575-c12c5bc92c79
WARNING 2026-03-20 23:42:40,596 log 746741 132441673482560 Bad Request: /api/v1/auth/password-reset/confirm/
INFO 2026-03-20 23:42:40,618 middleware 746741 132441673482560 POST /api/v1/auth/password-reset/ - 200 - 0.007s - RequestID: 61b12b05-0ef3-47c4-bc71-ded2114095f2
INFO 2026-03-20 23:42:40,622 middleware 746741 132441673482560 POST /api/v1/auth/password-reset/ - 200 - 0.003s - RequestID: 7f429693-3b53-4ff1-9090-c578bfcd946b
INFO 2026-03-20 23:42:40,625 middleware 746741 132441673482560 POST /api/v1/auth/password-reset/ - 200 - 0.003s - RequestID: 795cb2e0-7a04-4e84-ae7d-3b8e70560756
INFO 2026-03-20 23:42:40,628 middleware 746741 132441673482560 POST /api/v1/auth/password-reset/ - 200 - 0.003s - RequestID: dcdab290-1ac5-4f19-9e04-1066ee9f2190
INFO 2026-03-20 23:42:40,631 middleware 746741 132441673482560 POST /api/v1/auth/password-reset/ - 200 - 0.002s - RequestID: 90d42ec1-3b8a-49b3-8b0d-c343cc091f91
INFO 2026-03-20 23:42:40,644 middleware 746741 132441673482560 POST /api/v1/auth/register/ - 201 - 0.010s - RequestID: b124adb6-8ce8-4760-a3a9-b21f3afe5885
INFO 2026-03-20 23:42:40,651 middleware 746741 132441673482560 POST /api/v1/auth/register/ - 201 - 0.006s - RequestID: b3fc442a-4995-44f9-9f14-28329e773c15
INFO 2026-03-20 23:42:40,657 middleware 746741 132441673482560 POST /api/v1/auth/register/ - 201 - 0.005s - RequestID: 003503c7-b3db-47c4-b3a5-4d2b23807ccd
INFO 2026-03-20 23:42:40,664 middleware 746741 132441673482560 POST /api/v1/auth/register/ - 201 - 0.006s - RequestID: a4e71ed6-eb12-4000-be7b-d9eb2e40225a
INFO 2026-03-20 23:42:40,670 middleware 746741 132441673482560 POST /api/v1/auth/register/ - 201 - 0.006s - RequestID: 19b798a3-1425-403b-8626-d7da77ec1ffe
INFO 2026-03-20 23:42:40,690 middleware 746741 132441673482560 GET /api/v1/users/me/ - 200 - 0.002s - RequestID: d11389bd-7ede-4d4a-9288-f9b6c520814c
INFO 2026-03-20 23:42:40,701 middleware 746741 132441673482560 GET /api/v1/users/me/ - 401 - 0.001s - RequestID: b118e6b3-851b-492f-a15b-31c11a9f980d
WARNING 2026-03-20 23:42:40,702 log 746741 132441673482560 Unauthorized: /api/v1/users/me/
INFO 2026-03-20 23:42:40,706 middleware 746741 132441673482560 GET /api/v1/users/me/ - 200 - 0.002s - RequestID: dd6c8e97-da90-4548-a089-54bcb9cc6f2a
INFO 2026-03-20 23:42:40,712 middleware 746741 132441673482560 PATCH /api/v1/users/me/ - 200 - 0.004s - RequestID: d3884428-8e9a-4f62-a2ed-76481098f531
INFO 2026-03-20 23:42:40,719 middleware 746741 132441673482560 PATCH /api/v1/users/me/ - 200 - 0.003s - RequestID: 47e067f9-10c5-4061-8afb-ed09759bbad2
INFO 2026-03-20 23:42:40,747 middleware 746741 132441673482560 POST /api/v1/auth/register/ - 400 - 0.007s - RequestID: c4993d0c-3ff4-4dad-a38a-6667e82ad039
WARNING 2026-03-20 23:42:40,747 log 746741 132441673482560 Bad Request: /api/v1/auth/register/
INFO 2026-03-20 23:42:40,755 middleware 746741 132441673482560 POST /api/v1/auth/register/ - 400 - 0.004s - RequestID: 4a1a9fff-578e-4b5d-aae3-e75f7b9eb644
WARNING 2026-03-20 23:42:40,755 log 746741 132441673482560 Bad Request: /api/v1/auth/register/
INFO 2026-03-20 23:42:40,761 middleware 746741 132441673482560 POST /api/v1/auth/register/ - 400 - 0.004s - RequestID: 56860222-5c84-4ed1-9fe3-72332f0f0946
WARNING 2026-03-20 23:42:40,761 log 746741 132441673482560 Bad Request: /api/v1/auth/register/
INFO 2026-03-20 23:42:40,768 middleware 746741 132441673482560 POST /api/v1/auth/register/ - 400 - 0.005s - RequestID: 17889806-65c5-4b9e-af5d-67601cd5d636
WARNING 2026-03-20 23:42:40,769 log 746741 132441673482560 Bad Request: /api/v1/auth/register/
INFO 2026-03-20 23:42:40,778 middleware 746741 132441673482560 POST /api/v1/auth/register/ - 201 - 0.006s - RequestID: 660b852a-a339-436e-9978-442f10476f47
INFO 2026-03-20 23:42:40,786 middleware 746741 132441673482560 POST /api/v1/auth/register/ - 201 - 0.006s - RequestID: e9b25d98-3f75-4bd2-a6c4-0741dfe007d2
INFO 2026-03-20 23:42:40,796 middleware 746741 132441673482560 POST /api/v1/auth/register/ - 400 - 0.005s - RequestID: 763ccb54-0d3d-4ebb-b423-93be1309f0f7
WARNING 2026-03-20 23:42:40,796 log 746741 132441673482560 Bad Request: /api/v1/auth/register/
